<?xml version="1.0" encoding="UTF-8"?>
<testsuite name="com.easywaldo.book.springboot.PostsApiControllerTest" tests="1" skipped="0" failures="0" errors="0" timestamp="2020-04-05T14:59:23" hostname="Easywaldo-Mac.local" time="0.278">
  <properties/>
  <testcase name="post_save_should_correctly" classname="com.easywaldo.book.springboot.PostsApiControllerTest" time="0.278"/>
  <system-out><![CDATA[2020-04-05 23:59:21.949  INFO 22901 --- [    Test worker] .b.t.c.SpringBootTestContextBootstrapper : Neither @ContextConfiguration nor @ContextHierarchy found for test class [com.easywaldo.book.springboot.PostsApiControllerTest], using SpringBootContextLoader
2020-04-05 23:59:21.949  INFO 22901 --- [    Test worker] o.s.t.c.support.AbstractContextLoader    : Could not detect default resource locations for test class [com.easywaldo.book.springboot.PostsApiControllerTest]: no resource found for suffixes {-context.xml, Context.groovy}.
2020-04-05 23:59:21.950  INFO 22901 --- [    Test worker] t.c.s.AnnotationConfigContextLoaderUtils : Could not detect default configuration classes for test class [com.easywaldo.book.springboot.PostsApiControllerTest]: PostsApiControllerTest does not declare any static, non-private, non-final, nested classes annotated with @Configuration.
2020-04-05 23:59:21.951  INFO 22901 --- [    Test worker] .b.t.c.SpringBootTestContextBootstrapper : Found @SpringBootConfiguration com.easywaldo.book.springboot.Application for test class com.easywaldo.book.springboot.PostsApiControllerTest
2020-04-05 23:59:21.952  INFO 22901 --- [    Test worker] .b.t.c.SpringBootTestContextBootstrapper : Loaded default TestExecutionListener class names from location [META-INF/spring.factories]: [org.springframework.boot.test.autoconfigure.restdocs.RestDocsTestExecutionListener, org.springframework.boot.test.autoconfigure.web.client.MockRestServiceServerResetTestExecutionListener, org.springframework.boot.test.autoconfigure.web.servlet.MockMvcPrintOnlyOnFailureTestExecutionListener, org.springframework.boot.test.autoconfigure.web.servlet.WebDriverTestExecutionListener, org.springframework.boot.test.mock.mockito.MockitoTestExecutionListener, org.springframework.boot.test.mock.mockito.ResetMocksTestExecutionListener, org.springframework.test.context.web.ServletTestExecutionListener, org.springframework.test.context.support.DirtiesContextBeforeModesTestExecutionListener, org.springframework.test.context.support.DependencyInjectionTestExecutionListener, org.springframework.test.context.support.DirtiesContextTestExecutionListener, org.springframework.test.context.transaction.TransactionalTestExecutionListener, org.springframework.test.context.jdbc.SqlScriptsTestExecutionListener]
2020-04-05 23:59:21.953  INFO 22901 --- [    Test worker] .b.t.c.SpringBootTestContextBootstrapper : Using TestExecutionListeners: [org.springframework.test.context.web.ServletTestExecutionListener@314e39e3, org.springframework.test.context.support.DirtiesContextBeforeModesTestExecutionListener@22c24b0d, org.springframework.boot.test.mock.mockito.MockitoTestExecutionListener@a6ef86, org.springframework.boot.test.autoconfigure.SpringBootDependencyInjectionTestExecutionListener@7a2fbdc5, org.springframework.test.context.support.DirtiesContextTestExecutionListener@3aee0242, org.springframework.test.context.transaction.TransactionalTestExecutionListener@a44ac31, org.springframework.test.context.jdbc.SqlScriptsTestExecutionListener@3da9b820, org.springframework.boot.test.autoconfigure.restdocs.RestDocsTestExecutionListener@3aeffbc5, org.springframework.boot.test.autoconfigure.web.client.MockRestServiceServerResetTestExecutionListener@70d912c8, org.springframework.boot.test.autoconfigure.web.servlet.MockMvcPrintOnlyOnFailureTestExecutionListener@5f530dc6, org.springframework.boot.test.autoconfigure.web.servlet.WebDriverTestExecutionListener@2fcbd6b4, org.springframework.boot.test.mock.mockito.ResetMocksTestExecutionListener@6abf215b]

  .   ____          _            __ _ _
 /\\ / ___'_ __ _ _(_)_ __  __ _ \ \ \ \
( ( )\___ | '_ | '_| | '_ \/ _` | \ \ \ \
 \\/  ___)| |_)| | | | | || (_| |  ) ) ) )
  '  |____| .__|_| |_|_| |_\__, | / / / /
 =========|_|==============|___/=/_/_/_/
 :: Spring Boot ::        (v2.1.7.RELEASE)

2020-04-05 23:59:21.977  INFO 22901 --- [    Test worker] c.e.b.springboot.PostsApiControllerTest  : Starting PostsApiControllerTest on Easywaldo-Mac.local with PID 22901 (started by leejinam in /Users/leejinam/Study/Spring/springboot-study)
2020-04-05 23:59:21.977  INFO 22901 --- [    Test worker] c.e.b.springboot.PostsApiControllerTest  : No active profile set, falling back to default profiles: default
2020-04-05 23:59:22.172  INFO 22901 --- [    Test worker] .s.d.r.c.RepositoryConfigurationDelegate : Bootstrapping Spring Data repositories in DEFAULT mode.
2020-04-05 23:59:22.183  INFO 22901 --- [    Test worker] .s.d.r.c.RepositoryConfigurationDelegate : Finished Spring Data repository scanning in 10ms. Found 1 repository interfaces.
2020-04-05 23:59:22.244  INFO 22901 --- [    Test worker] trationDelegate$BeanPostProcessorChecker : Bean 'org.springframework.transaction.annotation.ProxyTransactionManagementConfiguration' of type [org.springframework.transaction.annotation.ProxyTransactionManagementConfiguration$$EnhancerBySpringCGLIB$$75cbbf6b] is not eligible for getting processed by all BeanPostProcessors (for example: not eligible for auto-proxying)
2020-04-05 23:59:22.463  INFO 22901 --- [    Test worker] o.s.b.w.embedded.tomcat.TomcatWebServer  : Tomcat initialized with port(s): 0 (http)
2020-04-05 23:59:22.499  INFO 22901 --- [    Test worker] o.apache.catalina.core.StandardService   : Starting service [Tomcat]
2020-04-05 23:59:22.499  INFO 22901 --- [    Test worker] org.apache.catalina.core.StandardEngine  : Starting Servlet engine: [Apache Tomcat/9.0.22]
2020-04-05 23:59:22.665  INFO 22901 --- [    Test worker] o.a.c.c.C.[Tomcat].[localhost].[/]       : Initializing Spring embedded WebApplicationContext
2020-04-05 23:59:22.665  INFO 22901 --- [    Test worker] o.s.web.context.ContextLoader            : Root WebApplicationContext: initialization completed in 686 ms
2020-04-05 23:59:22.813  INFO 22901 --- [    Test worker] com.zaxxer.hikari.HikariDataSource       : HikariPool-2 - Starting...
2020-04-05 23:59:22.814  INFO 22901 --- [    Test worker] com.zaxxer.hikari.HikariDataSource       : HikariPool-2 - Start completed.
2020-04-05 23:59:22.830  INFO 22901 --- [    Test worker] o.hibernate.jpa.internal.util.LogHelper  : HHH000204: Processing PersistenceUnitInfo [
	name: default
	...]
2020-04-05 23:59:22.835  INFO 22901 --- [    Test worker] org.hibernate.dialect.Dialect            : HHH000400: Using dialect: org.hibernate.dialect.MySQL5Dialect
Hibernate: drop table if exists posts
Hibernate: create table posts (id bigint not null auto_increment, author varchar(100) not null, content text, title varchar(500) not null, primary key (id)) engine=MyISAM
2020-04-05 23:59:22.863  INFO 22901 --- [    Test worker] o.h.t.schema.internal.SchemaCreatorImpl  : HHH000476: Executing import script 'org.hibernate.tool.schema.internal.exec.ScriptSourceInputNonExistentImpl@15d23a9d'
2020-04-05 23:59:22.863  INFO 22901 --- [    Test worker] j.LocalContainerEntityManagerFactoryBean : Initialized JPA EntityManagerFactory for persistence unit 'default'
2020-04-05 23:59:23.078  INFO 22901 --- [    Test worker] o.s.s.concurrent.ThreadPoolTaskExecutor  : Initializing ExecutorService 'applicationTaskExecutor'
2020-04-05 23:59:23.089  WARN 22901 --- [    Test worker] aWebConfiguration$JpaWebMvcConfiguration : spring.jpa.open-in-view is enabled by default. Therefore, database queries may be performed during view rendering. Explicitly configure spring.jpa.open-in-view to disable this warning
2020-04-05 23:59:23.294  INFO 22901 --- [    Test worker] o.s.b.w.embedded.tomcat.TomcatWebServer  : Tomcat started on port(s): 63785 (http) with context path ''
2020-04-05 23:59:23.295  INFO 22901 --- [    Test worker] c.e.b.springboot.PostsApiControllerTest  : Started PostsApiControllerTest in 1.34 seconds (JVM running for 7.531)
2020-04-05 23:59:23.453  INFO 22901 --- [o-auto-1-exec-1] o.a.c.c.C.[Tomcat].[localhost].[/]       : Initializing Spring DispatcherServlet 'dispatcherServlet'
2020-04-05 23:59:23.453  INFO 22901 --- [o-auto-1-exec-1] o.s.web.servlet.DispatcherServlet        : Initializing Servlet 'dispatcherServlet'
2020-04-05 23:59:23.475  INFO 22901 --- [o-auto-1-exec-1] o.s.web.servlet.DispatcherServlet        : Completed initialization in 21 ms
Hibernate: insert into posts (author, content, title) values (?, ?, ?)
2020-04-05 23:59:23.574  INFO 22901 --- [    Test worker] o.h.h.i.QueryTranslatorFactoryInitiator  : HHH000397: Using ASTQueryTranslatorFactory
Hibernate: select posts0_.id as id1_0_, posts0_.author as author2_0_, posts0_.content as content3_0_, posts0_.title as title4_0_ from posts posts0_
]]></system-out>
  <system-err><![CDATA[]]></system-err>
</testsuite>
