<?xml version="1.0" encoding="UTF-8"?>
<testsuite name="com.easywaldo.book.springboot.PostsApiControllerTest" tests="2" skipped="0" failures="0" errors="0" timestamp="2020-04-13T15:09:38" hostname="Easywaldo-Mac.local" time="0.435">
  <properties/>
  <testcase name="post_save_should_correctly" classname="com.easywaldo.book.springboot.PostsApiControllerTest" time="0.371"/>
  <testcase name="post_delete_should_correclty" classname="com.easywaldo.book.springboot.PostsApiControllerTest" time="0.063"/>
  <system-out><![CDATA[2020-04-14 00:09:35.959  INFO 4364 --- [    Test worker] .b.t.c.SpringBootTestContextBootstrapper : Neither @ContextConfiguration nor @ContextHierarchy found for test class [com.easywaldo.book.springboot.PostsApiControllerTest], using SpringBootContextLoader
2020-04-14 00:09:35.960  INFO 4364 --- [    Test worker] o.s.t.c.support.AbstractContextLoader    : Could not detect default resource locations for test class [com.easywaldo.book.springboot.PostsApiControllerTest]: no resource found for suffixes {-context.xml, Context.groovy}.
2020-04-14 00:09:35.960  INFO 4364 --- [    Test worker] t.c.s.AnnotationConfigContextLoaderUtils : Could not detect default configuration classes for test class [com.easywaldo.book.springboot.PostsApiControllerTest]: PostsApiControllerTest does not declare any static, non-private, non-final, nested classes annotated with @Configuration.
2020-04-14 00:09:35.961  INFO 4364 --- [    Test worker] .b.t.c.SpringBootTestContextBootstrapper : Found @SpringBootConfiguration com.easywaldo.book.springboot.Application for test class com.easywaldo.book.springboot.PostsApiControllerTest
2020-04-14 00:09:35.963  INFO 4364 --- [    Test worker] .b.t.c.SpringBootTestContextBootstrapper : Loaded default TestExecutionListener class names from location [META-INF/spring.factories]: [org.springframework.boot.test.autoconfigure.restdocs.RestDocsTestExecutionListener, org.springframework.boot.test.autoconfigure.web.client.MockRestServiceServerResetTestExecutionListener, org.springframework.boot.test.autoconfigure.web.servlet.MockMvcPrintOnlyOnFailureTestExecutionListener, org.springframework.boot.test.autoconfigure.web.servlet.WebDriverTestExecutionListener, org.springframework.boot.test.mock.mockito.MockitoTestExecutionListener, org.springframework.boot.test.mock.mockito.ResetMocksTestExecutionListener, org.springframework.test.context.web.ServletTestExecutionListener, org.springframework.test.context.support.DirtiesContextBeforeModesTestExecutionListener, org.springframework.test.context.support.DependencyInjectionTestExecutionListener, org.springframework.test.context.support.DirtiesContextTestExecutionListener, org.springframework.test.context.transaction.TransactionalTestExecutionListener, org.springframework.test.context.jdbc.SqlScriptsTestExecutionListener]
2020-04-14 00:09:35.964  INFO 4364 --- [    Test worker] .b.t.c.SpringBootTestContextBootstrapper : Using TestExecutionListeners: [org.springframework.test.context.web.ServletTestExecutionListener@4c242e5f, org.springframework.test.context.support.DirtiesContextBeforeModesTestExecutionListener@7af66965, org.springframework.boot.test.mock.mockito.MockitoTestExecutionListener@3fee6a5c, org.springframework.boot.test.autoconfigure.SpringBootDependencyInjectionTestExecutionListener@f2e07f9, org.springframework.test.context.support.DirtiesContextTestExecutionListener@62158695, org.springframework.test.context.transaction.TransactionalTestExecutionListener@2be176f3, org.springframework.test.context.jdbc.SqlScriptsTestExecutionListener@67114559, org.springframework.boot.test.autoconfigure.restdocs.RestDocsTestExecutionListener@187f978d, org.springframework.boot.test.autoconfigure.web.client.MockRestServiceServerResetTestExecutionListener@56909b39, org.springframework.boot.test.autoconfigure.web.servlet.MockMvcPrintOnlyOnFailureTestExecutionListener@76e639f6, org.springframework.boot.test.autoconfigure.web.servlet.WebDriverTestExecutionListener@1b3091fe, org.springframework.boot.test.mock.mockito.ResetMocksTestExecutionListener@7f17aeea]

  .   ____          _            __ _ _
 /\\ / ___'_ __ _ _(_)_ __  __ _ \ \ \ \
( ( )\___ | '_ | '_| | '_ \/ _` | \ \ \ \
 \\/  ___)| |_)| | | | | || (_| |  ) ) ) )
  '  |____| .__|_| |_|_| |_\__, | / / / /
 =========|_|==============|___/=/_/_/_/
 :: Spring Boot ::        (v2.1.7.RELEASE)

2020-04-14 00:09:35.995  INFO 4364 --- [    Test worker] c.e.b.springboot.PostsApiControllerTest  : Starting PostsApiControllerTest on Easywaldo-Mac.local with PID 4364 (started by leejinam in /Users/leejinam/Study/Spring/springboot-study)
2020-04-14 00:09:35.995  INFO 4364 --- [    Test worker] c.e.b.springboot.PostsApiControllerTest  : No active profile set, falling back to default profiles: default
2020-04-14 00:09:36.169  INFO 4364 --- [    Test worker] .s.d.r.c.RepositoryConfigurationDelegate : Bootstrapping Spring Data repositories in DEFAULT mode.
2020-04-14 00:09:36.185  INFO 4364 --- [    Test worker] .s.d.r.c.RepositoryConfigurationDelegate : Finished Spring Data repository scanning in 15ms. Found 2 repository interfaces.
2020-04-14 00:09:36.282  INFO 4364 --- [    Test worker] trationDelegate$BeanPostProcessorChecker : Bean 'org.springframework.transaction.annotation.ProxyTransactionManagementConfiguration' of type [org.springframework.transaction.annotation.ProxyTransactionManagementConfiguration$$EnhancerBySpringCGLIB$$e281a6bb] is not eligible for getting processed by all BeanPostProcessors (for example: not eligible for auto-proxying)
2020-04-14 00:09:36.636  INFO 4364 --- [    Test worker] o.s.b.w.embedded.tomcat.TomcatWebServer  : Tomcat initialized with port(s): 0 (http)
2020-04-14 00:09:36.684  INFO 4364 --- [    Test worker] o.apache.catalina.core.StandardService   : Starting service [Tomcat]
2020-04-14 00:09:36.684  INFO 4364 --- [    Test worker] org.apache.catalina.core.StandardEngine  : Starting Servlet engine: [Apache Tomcat/9.0.22]
2020-04-14 00:09:36.948  INFO 4364 --- [    Test worker] o.a.c.c.C.[Tomcat].[localhost].[/]       : Initializing Spring embedded WebApplicationContext
2020-04-14 00:09:36.949  INFO 4364 --- [    Test worker] o.s.web.context.ContextLoader            : Root WebApplicationContext: initialization completed in 952 ms
2020-04-14 00:09:37.191  INFO 4364 --- [    Test worker] com.zaxxer.hikari.HikariDataSource       : HikariPool-2 - Starting...
2020-04-14 00:09:37.192  INFO 4364 --- [    Test worker] com.zaxxer.hikari.HikariDataSource       : HikariPool-2 - Start completed.
2020-04-14 00:09:37.378  INFO 4364 --- [    Test worker] o.hibernate.jpa.internal.util.LogHelper  : HHH000204: Processing PersistenceUnitInfo [
	name: default
	...]
2020-04-14 00:09:37.395  INFO 4364 --- [    Test worker] org.hibernate.dialect.Dialect            : HHH000400: Using dialect: org.hibernate.dialect.MySQL5Dialect
Hibernate: drop table if exists category
Hibernate: drop table if exists posts
Hibernate: create table category (category_no integer not null auto_increment, category_name varchar(255), primary key (category_no)) engine=MyISAM
Hibernate: create table posts (id bigint not null auto_increment, author varchar(100) not null, content text, title varchar(500) not null, primary key (id)) engine=MyISAM
2020-04-14 00:09:37.459  INFO 4364 --- [    Test worker] o.h.t.schema.internal.SchemaCreatorImpl  : HHH000476: Executing import script 'org.hibernate.tool.schema.internal.exec.ScriptSourceInputNonExistentImpl@33f82b69'
2020-04-14 00:09:37.459  INFO 4364 --- [    Test worker] j.LocalContainerEntityManagerFactoryBean : Initialized JPA EntityManagerFactory for persistence unit 'default'
2020-04-14 00:09:37.846  INFO 4364 --- [    Test worker] o.s.s.concurrent.ThreadPoolTaskExecutor  : Initializing ExecutorService 'applicationTaskExecutor'
2020-04-14 00:09:37.862  WARN 4364 --- [    Test worker] aWebConfiguration$JpaWebMvcConfiguration : spring.jpa.open-in-view is enabled by default. Therefore, database queries may be performed during view rendering. Explicitly configure spring.jpa.open-in-view to disable this warning
2020-04-14 00:09:38.178  INFO 4364 --- [    Test worker] o.s.b.w.embedded.tomcat.TomcatWebServer  : Tomcat started on port(s): 51342 (http) with context path ''
2020-04-14 00:09:38.179  INFO 4364 --- [    Test worker] c.e.b.springboot.PostsApiControllerTest  : Started PostsApiControllerTest in 2.212 seconds (JVM running for 10.448)
2020-04-14 00:09:38.396  INFO 4364 --- [o-auto-1-exec-1] o.a.c.c.C.[Tomcat].[localhost].[/]       : Initializing Spring DispatcherServlet 'dispatcherServlet'
2020-04-14 00:09:38.397  INFO 4364 --- [o-auto-1-exec-1] o.s.web.servlet.DispatcherServlet        : Initializing Servlet 'dispatcherServlet'
2020-04-14 00:09:38.425  INFO 4364 --- [o-auto-1-exec-1] o.s.web.servlet.DispatcherServlet        : Completed initialization in 28 ms
Hibernate: insert into posts (author, content, title) values (?, ?, ?)
2020-04-14 00:09:38.551  INFO 4364 --- [    Test worker] o.h.h.i.QueryTranslatorFactoryInitiator  : HHH000397: Using ASTQueryTranslatorFactory
Hibernate: select posts0_.id as id1_1_, posts0_.author as author2_1_, posts0_.content as content3_1_, posts0_.title as title4_1_ from posts posts0_
Hibernate: insert into posts (author, content, title) values (?, ?, ?)
Hibernate: select posts0_.id as id1_1_0_, posts0_.author as author2_1_0_, posts0_.content as content3_1_0_, posts0_.title as title4_1_0_ from posts posts0_ where posts0_.id=?
Hibernate: delete from posts where id=?
Hibernate: select count(*) as col_0_0_ from posts posts0_ where posts0_.id=?
]]></system-out>
  <system-err><![CDATA[]]></system-err>
</testsuite>
