<?xml version="1.0" encoding="UTF-8"?>
<testsuite name="com.easywaldo.book.springboot.HelloControllerTest" tests="1" skipped="0" failures="0" errors="0" timestamp="2020-01-04T07:25:08" hostname="Easywaldo-Mac.local" time="0.004">
  <properties/>
  <testcase name="sut_should_returns_hello" classname="com.easywaldo.book.springboot.HelloControllerTest" time="0.004"/>
  <system-out><![CDATA[2020-01-04 16:25:08.577  INFO 177 --- [    Test worker] .b.t.a.w.s.WebMvcTestContextBootstrapper : Neither @ContextConfiguration nor @ContextHierarchy found for test class [com.easywaldo.book.springboot.HelloControllerTest], using SpringBootContextLoader
2020-01-04 16:25:08.578  INFO 177 --- [    Test worker] o.s.t.c.support.AbstractContextLoader    : Could not detect default resource locations for test class [com.easywaldo.book.springboot.HelloControllerTest]: no resource found for suffixes {-context.xml, Context.groovy}.
2020-01-04 16:25:08.578  INFO 177 --- [    Test worker] t.c.s.AnnotationConfigContextLoaderUtils : Could not detect default configuration classes for test class [com.easywaldo.book.springboot.HelloControllerTest]: HelloControllerTest does not declare any static, non-private, non-final, nested classes annotated with @Configuration.
2020-01-04 16:25:08.582  INFO 177 --- [    Test worker] .b.t.c.SpringBootTestContextBootstrapper : Found @SpringBootConfiguration com.easywaldo.book.springboot.Application for test class com.easywaldo.book.springboot.HelloControllerTest
2020-01-04 16:25:08.583  INFO 177 --- [    Test worker] .b.t.a.w.s.WebMvcTestContextBootstrapper : Loaded default TestExecutionListener class names from location [META-INF/spring.factories]: [org.springframework.boot.test.autoconfigure.restdocs.RestDocsTestExecutionListener, org.springframework.boot.test.autoconfigure.web.client.MockRestServiceServerResetTestExecutionListener, org.springframework.boot.test.autoconfigure.web.servlet.MockMvcPrintOnlyOnFailureTestExecutionListener, org.springframework.boot.test.autoconfigure.web.servlet.WebDriverTestExecutionListener, org.springframework.boot.test.mock.mockito.MockitoTestExecutionListener, org.springframework.boot.test.mock.mockito.ResetMocksTestExecutionListener, org.springframework.test.context.web.ServletTestExecutionListener, org.springframework.test.context.support.DirtiesContextBeforeModesTestExecutionListener, org.springframework.test.context.support.DependencyInjectionTestExecutionListener, org.springframework.test.context.support.DirtiesContextTestExecutionListener, org.springframework.test.context.transaction.TransactionalTestExecutionListener, org.springframework.test.context.jdbc.SqlScriptsTestExecutionListener]
2020-01-04 16:25:08.585  INFO 177 --- [    Test worker] .b.t.a.w.s.WebMvcTestContextBootstrapper : Using TestExecutionListeners: [org.springframework.test.context.web.ServletTestExecutionListener@14cedbed, org.springframework.test.context.support.DirtiesContextBeforeModesTestExecutionListener@48027f92, org.springframework.boot.test.mock.mockito.MockitoTestExecutionListener@3150bfe7, org.springframework.boot.test.autoconfigure.SpringBootDependencyInjectionTestExecutionListener@78451903, org.springframework.test.context.support.DirtiesContextTestExecutionListener@1a36b455, org.springframework.boot.test.autoconfigure.restdocs.RestDocsTestExecutionListener@4113a66e, org.springframework.boot.test.autoconfigure.web.client.MockRestServiceServerResetTestExecutionListener@7508962c, org.springframework.boot.test.autoconfigure.web.servlet.MockMvcPrintOnlyOnFailureTestExecutionListener@25d5148f, org.springframework.boot.test.autoconfigure.web.servlet.WebDriverTestExecutionListener@aee987c, org.springframework.boot.test.mock.mockito.ResetMocksTestExecutionListener@56927f99]
]]></system-out>
  <system-err><![CDATA[]]></system-err>
</testsuite>
