<?xml version="1.0" encoding="UTF-8"?>
<testsuite name="com.easywaldo.book.springboot.HelloResponseDtoTest" tests="1" skipped="0" failures="0" errors="0" timestamp="2020-04-05T14:59:16" hostname="Easywaldo-Mac.local" time="0.048">
  <properties/>
  <testcase name="sut_should_operates_correctly" classname="com.easywaldo.book.springboot.HelloResponseDtoTest" time="0.048"/>
  <system-out><![CDATA[]]></system-out>
  <system-err><![CDATA[]]></system-err>
</testsuite>
