<?xml version="1.0" encoding="UTF-8"?>
<testsuite name="com.easywaldo.book.springboot.domain.posts.PostRepositoryTest" tests="1" skipped="0" failures="0" errors="0" timestamp="2020-01-07T15:03:48" hostname="Easywaldo-Mac.local" time="0.533">
  <properties/>
  <testcase name="get_posts_all_should_returns_correcty" classname="com.easywaldo.book.springboot.domain.posts.PostRepositoryTest" time="0.533"/>
  <system-out><![CDATA[00:03:43.824 [Test worker] DEBUG org.springframework.test.context.junit4.SpringJUnit4ClassRunner - SpringJUnit4ClassRunner constructor called with [class com.easywaldo.book.springboot.domain.posts.PostRepositoryTest]
00:03:43.835 [Test worker] DEBUG org.springframework.test.context.BootstrapUtils - Instantiating CacheAwareContextLoaderDelegate from class [org.springframework.test.context.cache.DefaultCacheAwareContextLoaderDelegate]
00:03:43.845 [Test worker] DEBUG org.springframework.test.context.BootstrapUtils - Instantiating BootstrapContext using constructor [public org.springframework.test.context.support.DefaultBootstrapContext(java.lang.Class,org.springframework.test.context.CacheAwareContextLoaderDelegate)]
00:03:43.877 [Test worker] DEBUG org.springframework.test.context.BootstrapUtils - Instantiating TestContextBootstrapper for test class [com.easywaldo.book.springboot.domain.posts.PostRepositoryTest] from class [org.springframework.boot.test.context.SpringBootTestContextBootstrapper]
00:03:43.897 [Test worker] INFO org.springframework.boot.test.context.SpringBootTestContextBootstrapper - Neither @ContextConfiguration nor @ContextHierarchy found for test class [com.easywaldo.book.springboot.domain.posts.PostRepositoryTest], using SpringBootContextLoader
00:03:43.902 [Test worker] DEBUG org.springframework.test.context.support.AbstractContextLoader - Did not detect default resource location for test class [com.easywaldo.book.springboot.domain.posts.PostRepositoryTest]: class path resource [com/easywaldo/book/springboot/domain/posts/PostRepositoryTest-context.xml] does not exist
00:03:43.903 [Test worker] DEBUG org.springframework.test.context.support.AbstractContextLoader - Did not detect default resource location for test class [com.easywaldo.book.springboot.domain.posts.PostRepositoryTest]: class path resource [com/easywaldo/book/springboot/domain/posts/PostRepositoryTestContext.groovy] does not exist
00:03:43.904 [Test worker] INFO org.springframework.test.context.support.AbstractContextLoader - Could not detect default resource locations for test class [com.easywaldo.book.springboot.domain.posts.PostRepositoryTest]: no resource found for suffixes {-context.xml, Context.groovy}.
00:03:43.906 [Test worker] INFO org.springframework.test.context.support.AnnotationConfigContextLoaderUtils - Could not detect default configuration classes for test class [com.easywaldo.book.springboot.domain.posts.PostRepositoryTest]: PostRepositoryTest does not declare any static, non-private, non-final, nested classes annotated with @Configuration.
00:03:44.012 [Test worker] DEBUG org.springframework.test.context.support.ActiveProfilesUtils - Could not find an 'annotation declaring class' for annotation type [org.springframework.test.context.ActiveProfiles] and class [com.easywaldo.book.springboot.domain.posts.PostRepositoryTest]
00:03:44.203 [Test worker] DEBUG org.springframework.context.annotation.ClassPathScanningCandidateComponentProvider - Identified candidate component class: file [/Users/leejinam/Study/Spring/springboot-study/build/classes/java/main/com/easywaldo/book/springboot/Application.class]
00:03:44.212 [Test worker] INFO org.springframework.boot.test.context.SpringBootTestContextBootstrapper - Found @SpringBootConfiguration com.easywaldo.book.springboot.Application for test class com.easywaldo.book.springboot.domain.posts.PostRepositoryTest
00:03:44.300 [Test worker] DEBUG org.springframework.boot.test.context.SpringBootTestContextBootstrapper - @TestExecutionListeners is not present for class [com.easywaldo.book.springboot.domain.posts.PostRepositoryTest]: using defaults.
00:03:44.301 [Test worker] INFO org.springframework.boot.test.context.SpringBootTestContextBootstrapper - Loaded default TestExecutionListener class names from location [META-INF/spring.factories]: [org.springframework.boot.test.autoconfigure.restdocs.RestDocsTestExecutionListener, org.springframework.boot.test.autoconfigure.web.client.MockRestServiceServerResetTestExecutionListener, org.springframework.boot.test.autoconfigure.web.servlet.MockMvcPrintOnlyOnFailureTestExecutionListener, org.springframework.boot.test.autoconfigure.web.servlet.WebDriverTestExecutionListener, org.springframework.boot.test.mock.mockito.MockitoTestExecutionListener, org.springframework.boot.test.mock.mockito.ResetMocksTestExecutionListener, org.springframework.test.context.web.ServletTestExecutionListener, org.springframework.test.context.support.DirtiesContextBeforeModesTestExecutionListener, org.springframework.test.context.support.DependencyInjectionTestExecutionListener, org.springframework.test.context.support.DirtiesContextTestExecutionListener, org.springframework.test.context.transaction.TransactionalTestExecutionListener, org.springframework.test.context.jdbc.SqlScriptsTestExecutionListener]
00:03:44.322 [Test worker] INFO org.springframework.boot.test.context.SpringBootTestContextBootstrapper - Using TestExecutionListeners: [org.springframework.test.context.web.ServletTestExecutionListener@1bae71da, org.springframework.test.context.support.DirtiesContextBeforeModesTestExecutionListener@2d6e8516, org.springframework.boot.test.mock.mockito.MockitoTestExecutionListener@139bbeb, org.springframework.boot.test.autoconfigure.SpringBootDependencyInjectionTestExecutionListener@29ff7eb4, org.springframework.test.context.support.DirtiesContextTestExecutionListener@41b7faf0, org.springframework.test.context.transaction.TransactionalTestExecutionListener@182881e5, org.springframework.test.context.jdbc.SqlScriptsTestExecutionListener@548297e8, org.springframework.boot.test.autoconfigure.restdocs.RestDocsTestExecutionListener@65a5912, org.springframework.boot.test.autoconfigure.web.client.MockRestServiceServerResetTestExecutionListener@78c44353, org.springframework.boot.test.autoconfigure.web.servlet.MockMvcPrintOnlyOnFailureTestExecutionListener@243fd207, org.springframework.boot.test.autoconfigure.web.servlet.WebDriverTestExecutionListener@64c23cbf, org.springframework.boot.test.mock.mockito.ResetMocksTestExecutionListener@30847bfc]
00:03:44.326 [Test worker] DEBUG org.springframework.test.annotation.ProfileValueUtils - Retrieved @ProfileValueSourceConfiguration [null] for test class [com.easywaldo.book.springboot.domain.posts.PostRepositoryTest]
00:03:44.326 [Test worker] DEBUG org.springframework.test.annotation.ProfileValueUtils - Retrieved ProfileValueSource type [class org.springframework.test.annotation.SystemProfileValueSource] for class [com.easywaldo.book.springboot.domain.posts.PostRepositoryTest]
00:03:44.329 [Test worker] DEBUG org.springframework.test.annotation.ProfileValueUtils - Retrieved @ProfileValueSourceConfiguration [null] for test class [com.easywaldo.book.springboot.domain.posts.PostRepositoryTest]
00:03:44.329 [Test worker] DEBUG org.springframework.test.annotation.ProfileValueUtils - Retrieved ProfileValueSource type [class org.springframework.test.annotation.SystemProfileValueSource] for class [com.easywaldo.book.springboot.domain.posts.PostRepositoryTest]
00:03:44.330 [Test worker] DEBUG org.springframework.test.annotation.ProfileValueUtils - Retrieved @ProfileValueSourceConfiguration [null] for test class [com.easywaldo.book.springboot.domain.posts.PostRepositoryTest]
00:03:44.330 [Test worker] DEBUG org.springframework.test.annotation.ProfileValueUtils - Retrieved ProfileValueSource type [class org.springframework.test.annotation.SystemProfileValueSource] for class [com.easywaldo.book.springboot.domain.posts.PostRepositoryTest]
00:03:44.333 [Test worker] DEBUG org.springframework.test.context.support.AbstractDirtiesContextTestExecutionListener - Before test class: context [DefaultTestContext@2f9f7d79 testClass = PostRepositoryTest, testInstance = [null], testMethod = [null], testException = [null], mergedContextConfiguration = [WebMergedContextConfiguration@7a292940 testClass = PostRepositoryTest, locations = '{}', classes = '{class com.easywaldo.book.springboot.Application}', contextInitializerClasses = '[]', activeProfiles = '{}', propertySourceLocations = '{}', propertySourceProperties = '{org.springframework.boot.test.context.SpringBootTestContextBootstrapper=true}', contextCustomizers = set[org.springframework.boot.test.autoconfigure.properties.PropertyMappingContextCustomizer@0, org.springframework.boot.test.autoconfigure.web.servlet.WebDriverContextCustomizerFactory$Customizer@50f376d1, org.springframework.boot.test.context.filter.ExcludeFilterContextCustomizer@763b3d4c, org.springframework.boot.test.json.DuplicateJsonObjectContextCustomizerFactory$DuplicateJsonObjectContextCustomizer@65fea23e, org.springframework.boot.test.mock.mockito.MockitoContextCustomizer@0, org.springframework.boot.test.web.client.TestRestTemplateContextCustomizer@60308327], resourceBasePath = 'src/main/webapp', contextLoader = 'org.springframework.boot.test.context.SpringBootContextLoader', parent = [null]], attributes = map['org.springframework.test.context.web.ServletTestExecutionListener.activateListener' -> true]], class annotated with @DirtiesContext [false] with mode [null].
00:03:44.334 [Test worker] DEBUG org.springframework.test.annotation.ProfileValueUtils - Retrieved @ProfileValueSourceConfiguration [null] for test class [com.easywaldo.book.springboot.domain.posts.PostRepositoryTest]
00:03:44.334 [Test worker] DEBUG org.springframework.test.annotation.ProfileValueUtils - Retrieved ProfileValueSource type [class org.springframework.test.annotation.SystemProfileValueSource] for class [com.easywaldo.book.springboot.domain.posts.PostRepositoryTest]
00:03:44.365 [Test worker] DEBUG org.springframework.test.context.support.TestPropertySourceUtils - Adding inlined properties to environment: {spring.jmx.enabled=false, org.springframework.boot.test.context.SpringBootTestContextBootstrapper=true, server.port=-1}

  .   ____          _            __ _ _
 /\\ / ___'_ __ _ _(_)_ __  __ _ \ \ \ \
( ( )\___ | '_ | '_| | '_ \/ _` | \ \ \ \
 \\/  ___)| |_)| | | | | || (_| |  ) ) ) )
  '  |____| .__|_| |_|_| |_\__, | / / / /
 =========|_|==============|___/=/_/_/_/
 :: Spring Boot ::        (v2.1.7.RELEASE)

2020-01-08 00:03:44.556  INFO 13590 --- [    Test worker] c.e.b.s.domain.posts.PostRepositoryTest  : Starting PostRepositoryTest on Easywaldo-Mac.local with PID 13590 (started by leejinam in /Users/leejinam/Study/Spring/springboot-study)
2020-01-08 00:03:44.558  INFO 13590 --- [    Test worker] c.e.b.s.domain.posts.PostRepositoryTest  : No active profile set, falling back to default profiles: default
2020-01-08 00:03:45.197  INFO 13590 --- [    Test worker] .s.d.r.c.RepositoryConfigurationDelegate : Bootstrapping Spring Data repositories in DEFAULT mode.
2020-01-08 00:03:45.276  INFO 13590 --- [    Test worker] .s.d.r.c.RepositoryConfigurationDelegate : Finished Spring Data repository scanning in 70ms. Found 1 repository interfaces.
2020-01-08 00:03:45.715  INFO 13590 --- [    Test worker] trationDelegate$BeanPostProcessorChecker : Bean 'org.springframework.transaction.annotation.ProxyTransactionManagementConfiguration' of type [org.springframework.transaction.annotation.ProxyTransactionManagementConfiguration$$EnhancerBySpringCGLIB$$aa791f77] is not eligible for getting processed by all BeanPostProcessors (for example: not eligible for auto-proxying)
2020-01-08 00:03:45.943  INFO 13590 --- [    Test worker] com.zaxxer.hikari.HikariDataSource       : HikariPool-1 - Starting...
2020-01-08 00:03:46.170  INFO 13590 --- [    Test worker] com.zaxxer.hikari.HikariDataSource       : HikariPool-1 - Start completed.
2020-01-08 00:03:46.252  INFO 13590 --- [    Test worker] o.hibernate.jpa.internal.util.LogHelper  : HHH000204: Processing PersistenceUnitInfo [
	name: default
	...]
2020-01-08 00:03:46.322  INFO 13590 --- [    Test worker] org.hibernate.Version                    : HHH000412: Hibernate Core {5.3.10.Final}
2020-01-08 00:03:46.324  INFO 13590 --- [    Test worker] org.hibernate.cfg.Environment            : HHH000206: hibernate.properties not found
2020-01-08 00:03:46.476  INFO 13590 --- [    Test worker] o.hibernate.annotations.common.Version   : HCANN000001: Hibernate Commons Annotations {5.0.4.Final}
2020-01-08 00:03:46.627  INFO 13590 --- [    Test worker] org.hibernate.dialect.Dialect            : HHH000400: Using dialect: org.hibernate.dialect.MySQL5Dialect
Hibernate: drop table if exists posts
Hibernate: create table posts (id bigint not null auto_increment, author varchar(255), content TEXT not null, title varchar(500) not null, primary key (id)) engine=MyISAM
2020-01-08 00:03:47.245  INFO 13590 --- [    Test worker] o.h.t.schema.internal.SchemaCreatorImpl  : HHH000476: Executing import script 'org.hibernate.tool.schema.internal.exec.ScriptSourceInputNonExistentImpl@6f8dbfb5'
2020-01-08 00:03:47.247  INFO 13590 --- [    Test worker] j.LocalContainerEntityManagerFactoryBean : Initialized JPA EntityManagerFactory for persistence unit 'default'
2020-01-08 00:03:48.085  INFO 13590 --- [    Test worker] o.s.s.concurrent.ThreadPoolTaskExecutor  : Initializing ExecutorService 'applicationTaskExecutor'
2020-01-08 00:03:48.139  WARN 13590 --- [    Test worker] aWebConfiguration$JpaWebMvcConfiguration : spring.jpa.open-in-view is enabled by default. Therefore, database queries may be performed during view rendering. Explicitly configure spring.jpa.open-in-view to disable this warning
2020-01-08 00:03:48.484  INFO 13590 --- [    Test worker] c.e.b.s.domain.posts.PostRepositoryTest  : Started PostRepositoryTest in 4.111 seconds (JVM running for 5.438)
Hibernate: insert into posts (author, content, title) values (?, ?, ?)
2020-01-08 00:03:48.698  INFO 13590 --- [    Test worker] o.h.h.i.QueryTranslatorFactoryInitiator  : HHH000397: Using ASTQueryTranslatorFactory
Hibernate: select posts0_.id as id1_0_, posts0_.author as author2_0_, posts0_.content as content3_0_, posts0_.title as title4_0_ from posts posts0_
Hibernate: select posts0_.id as id1_0_, posts0_.author as author2_0_, posts0_.content as content3_0_, posts0_.title as title4_0_ from posts posts0_
Hibernate: delete from posts where id=?
]]></system-out>
  <system-err><![CDATA[]]></system-err>
</testsuite>
