<?xml version="1.0" encoding="UTF-8"?>
<testsuite name="com.easywaldo.book.springboot.HelloResponseDtoTest" tests="3" skipped="0" failures="0" errors="0" timestamp="2020-01-06T14:56:18" hostname="Easywaldo-Mac.local" time="0.521">
  <properties/>
  <testcase name="hello_dto_action__should_returns_correctly" classname="com.easywaldo.book.springboot.HelloResponseDtoTest" time="0.446"/>
  <testcase name="hello_dto_action_should_returns_ok" classname="com.easywaldo.book.springboot.HelloResponseDtoTest" time="0.01"/>
  <testcase name="sut_should_operates_correctly" classname="com.easywaldo.book.springboot.HelloResponseDtoTest" time="0.064"/>
  <system-out><![CDATA[23:56:15.674 [Test worker] DEBUG org.springframework.test.context.junit4.SpringJUnit4ClassRunner - SpringJUnit4ClassRunner constructor called with [class com.easywaldo.book.springboot.HelloResponseDtoTest]
23:56:15.682 [Test worker] DEBUG org.springframework.test.context.BootstrapUtils - Instantiating CacheAwareContextLoaderDelegate from class [org.springframework.test.context.cache.DefaultCacheAwareContextLoaderDelegate]
23:56:15.697 [Test worker] DEBUG org.springframework.test.context.BootstrapUtils - Instantiating BootstrapContext using constructor [public org.springframework.test.context.support.DefaultBootstrapContext(java.lang.Class,org.springframework.test.context.CacheAwareContextLoaderDelegate)]
23:56:15.721 [Test worker] DEBUG org.springframework.test.context.BootstrapUtils - Instantiating TestContextBootstrapper for test class [com.easywaldo.book.springboot.HelloResponseDtoTest] from class [org.springframework.boot.test.autoconfigure.web.servlet.WebMvcTestContextBootstrapper]
23:56:15.744 [Test worker] INFO org.springframework.boot.test.autoconfigure.web.servlet.WebMvcTestContextBootstrapper - Neither @ContextConfiguration nor @ContextHierarchy found for test class [com.easywaldo.book.springboot.HelloResponseDtoTest], using SpringBootContextLoader
23:56:15.749 [Test worker] DEBUG org.springframework.test.context.support.AbstractContextLoader - Did not detect default resource location for test class [com.easywaldo.book.springboot.HelloResponseDtoTest]: class path resource [com/easywaldo/book/springboot/HelloResponseDtoTest-context.xml] does not exist
23:56:15.750 [Test worker] DEBUG org.springframework.test.context.support.AbstractContextLoader - Did not detect default resource location for test class [com.easywaldo.book.springboot.HelloResponseDtoTest]: class path resource [com/easywaldo/book/springboot/HelloResponseDtoTestContext.groovy] does not exist
23:56:15.751 [Test worker] INFO org.springframework.test.context.support.AbstractContextLoader - Could not detect default resource locations for test class [com.easywaldo.book.springboot.HelloResponseDtoTest]: no resource found for suffixes {-context.xml, Context.groovy}.
23:56:15.753 [Test worker] INFO org.springframework.test.context.support.AnnotationConfigContextLoaderUtils - Could not detect default configuration classes for test class [com.easywaldo.book.springboot.HelloResponseDtoTest]: HelloResponseDtoTest does not declare any static, non-private, non-final, nested classes annotated with @Configuration.
23:56:15.830 [Test worker] DEBUG org.springframework.test.context.support.ActiveProfilesUtils - Could not find an 'annotation declaring class' for annotation type [org.springframework.test.context.ActiveProfiles] and class [com.easywaldo.book.springboot.HelloResponseDtoTest]
23:56:15.911 [Test worker] DEBUG org.springframework.context.annotation.ClassPathScanningCandidateComponentProvider - Identified candidate component class: file [/Users/leejinam/Study/Spring/springboot-study/build/classes/java/main/com/easywaldo/book/springboot/Application.class]
23:56:15.923 [Test worker] INFO org.springframework.boot.test.context.SpringBootTestContextBootstrapper - Found @SpringBootConfiguration com.easywaldo.book.springboot.Application for test class com.easywaldo.book.springboot.HelloResponseDtoTest
23:56:15.926 [Test worker] DEBUG org.springframework.boot.test.autoconfigure.web.servlet.WebMvcTestContextBootstrapper - @TestExecutionListeners is not present for class [com.easywaldo.book.springboot.HelloResponseDtoTest]: using defaults.
23:56:15.927 [Test worker] INFO org.springframework.boot.test.autoconfigure.web.servlet.WebMvcTestContextBootstrapper - Loaded default TestExecutionListener class names from location [META-INF/spring.factories]: [org.springframework.boot.test.autoconfigure.restdocs.RestDocsTestExecutionListener, org.springframework.boot.test.autoconfigure.web.client.MockRestServiceServerResetTestExecutionListener, org.springframework.boot.test.autoconfigure.web.servlet.MockMvcPrintOnlyOnFailureTestExecutionListener, org.springframework.boot.test.autoconfigure.web.servlet.WebDriverTestExecutionListener, org.springframework.boot.test.mock.mockito.MockitoTestExecutionListener, org.springframework.boot.test.mock.mockito.ResetMocksTestExecutionListener, org.springframework.test.context.web.ServletTestExecutionListener, org.springframework.test.context.support.DirtiesContextBeforeModesTestExecutionListener, org.springframework.test.context.support.DependencyInjectionTestExecutionListener, org.springframework.test.context.support.DirtiesContextTestExecutionListener, org.springframework.test.context.transaction.TransactionalTestExecutionListener, org.springframework.test.context.jdbc.SqlScriptsTestExecutionListener]
23:56:15.950 [Test worker] INFO org.springframework.boot.test.autoconfigure.web.servlet.WebMvcTestContextBootstrapper - Using TestExecutionListeners: [org.springframework.test.context.web.ServletTestExecutionListener@5dbf0d98, org.springframework.test.context.support.DirtiesContextBeforeModesTestExecutionListener@3a52c08c, org.springframework.boot.test.mock.mockito.MockitoTestExecutionListener@60cb79ea, org.springframework.boot.test.autoconfigure.SpringBootDependencyInjectionTestExecutionListener@14717236, org.springframework.test.context.support.DirtiesContextTestExecutionListener@31876eed, org.springframework.test.context.transaction.TransactionalTestExecutionListener@1dfd9ef1, org.springframework.test.context.jdbc.SqlScriptsTestExecutionListener@2642b08d, org.springframework.boot.test.autoconfigure.restdocs.RestDocsTestExecutionListener@393d86b1, org.springframework.boot.test.autoconfigure.web.client.MockRestServiceServerResetTestExecutionListener@33c7777d, org.springframework.boot.test.autoconfigure.web.servlet.MockMvcPrintOnlyOnFailureTestExecutionListener@423c6de2, org.springframework.boot.test.autoconfigure.web.servlet.WebDriverTestExecutionListener@71496bf0, org.springframework.boot.test.mock.mockito.ResetMocksTestExecutionListener@24946366]
23:56:15.954 [Test worker] DEBUG org.springframework.test.annotation.ProfileValueUtils - Retrieved @ProfileValueSourceConfiguration [null] for test class [com.easywaldo.book.springboot.HelloResponseDtoTest]
23:56:15.954 [Test worker] DEBUG org.springframework.test.annotation.ProfileValueUtils - Retrieved ProfileValueSource type [class org.springframework.test.annotation.SystemProfileValueSource] for class [com.easywaldo.book.springboot.HelloResponseDtoTest]
23:56:15.955 [Test worker] DEBUG org.springframework.test.annotation.ProfileValueUtils - Retrieved @ProfileValueSourceConfiguration [null] for test class [com.easywaldo.book.springboot.HelloResponseDtoTest]
23:56:15.955 [Test worker] DEBUG org.springframework.test.annotation.ProfileValueUtils - Retrieved ProfileValueSource type [class org.springframework.test.annotation.SystemProfileValueSource] for class [com.easywaldo.book.springboot.HelloResponseDtoTest]
23:56:15.961 [Test worker] DEBUG org.springframework.test.context.support.AbstractDirtiesContextTestExecutionListener - Before test class: context [DefaultTestContext@41f09243 testClass = HelloResponseDtoTest, testInstance = [null], testMethod = [null], testException = [null], mergedContextConfiguration = [WebMergedContextConfiguration@315fc427 testClass = HelloResponseDtoTest, locations = '{}', classes = '{class com.easywaldo.book.springboot.Application}', contextInitializerClasses = '[]', activeProfiles = '{}', propertySourceLocations = '{}', propertySourceProperties = '{org.springframework.boot.test.autoconfigure.web.servlet.WebMvcTestContextBootstrapper=true}', contextCustomizers = set[org.springframework.boot.test.autoconfigure.OverrideAutoConfigurationContextCustomizerFactory$DisableAutoConfigurationContextCustomizer@3127ca5a, org.springframework.boot.test.autoconfigure.filter.TypeExcludeFiltersContextCustomizer@c3c58c53, org.springframework.boot.test.autoconfigure.properties.PropertyMappingContextCustomizer@f7af3637, org.springframework.boot.test.autoconfigure.web.servlet.WebDriverContextCustomizerFactory$Customizer@66ef951d, [ImportsContextCustomizer@2d84b2c3 key = [org.springframework.boot.autoconfigure.cache.CacheAutoConfiguration, org.springframework.boot.autoconfigure.context.MessageSourceAutoConfiguration, org.springframework.boot.autoconfigure.data.web.SpringDataWebAutoConfiguration, org.springframework.boot.autoconfigure.freemarker.FreeMarkerAutoConfiguration, org.springframework.boot.autoconfigure.groovy.template.GroovyTemplateAutoConfiguration, org.springframework.boot.autoconfigure.gson.GsonAutoConfiguration, org.springframework.boot.autoconfigure.hateoas.HypermediaAutoConfiguration, org.springframework.boot.autoconfigure.http.HttpMessageConvertersAutoConfiguration, org.springframework.boot.autoconfigure.jackson.JacksonAutoConfiguration, org.springframework.boot.autoconfigure.jsonb.JsonbAutoConfiguration, org.springframework.boot.autoconfigure.mustache.MustacheAutoConfiguration, org.springframework.boot.autoconfigure.task.TaskExecutionAutoConfiguration, org.springframework.boot.autoconfigure.thymeleaf.ThymeleafAutoConfiguration, org.springframework.boot.autoconfigure.validation.ValidationAutoConfiguration, org.springframework.boot.autoconfigure.web.servlet.error.ErrorMvcAutoConfiguration, org.springframework.boot.autoconfigure.web.servlet.WebMvcAutoConfiguration, org.springframework.boot.test.autoconfigure.web.servlet.MockMvcAutoConfiguration, org.springframework.boot.test.autoconfigure.web.servlet.MockMvcSecurityAutoConfiguration, org.springframework.boot.test.autoconfigure.web.servlet.MockMvcWebClientAutoConfiguration, org.springframework.boot.test.autoconfigure.web.servlet.MockMvcWebDriverAutoConfiguration]], org.springframework.boot.test.context.filter.ExcludeFilterContextCustomizer@65682987, org.springframework.boot.test.json.DuplicateJsonObjectContextCustomizerFactory$DuplicateJsonObjectContextCustomizer@ab3b1d2, org.springframework.boot.test.mock.mockito.MockitoContextCustomizer@0], resourceBasePath = 'src/main/webapp', contextLoader = 'org.springframework.boot.test.context.SpringBootContextLoader', parent = [null]], attributes = map[[empty]]], class annotated with @DirtiesContext [false] with mode [null].
23:56:15.962 [Test worker] DEBUG org.springframework.test.annotation.ProfileValueUtils - Retrieved @ProfileValueSourceConfiguration [null] for test class [com.easywaldo.book.springboot.HelloResponseDtoTest]
23:56:15.962 [Test worker] DEBUG org.springframework.test.annotation.ProfileValueUtils - Retrieved ProfileValueSource type [class org.springframework.test.annotation.SystemProfileValueSource] for class [com.easywaldo.book.springboot.HelloResponseDtoTest]
23:56:15.966 [Test worker] DEBUG org.springframework.test.context.support.DependencyInjectionTestExecutionListener - Performing dependency injection for test context [[DefaultTestContext@41f09243 testClass = HelloResponseDtoTest, testInstance = com.easywaldo.book.springboot.HelloResponseDtoTest@79e7fe6a, testMethod = [null], testException = [null], mergedContextConfiguration = [WebMergedContextConfiguration@315fc427 testClass = HelloResponseDtoTest, locations = '{}', classes = '{class com.easywaldo.book.springboot.Application}', contextInitializerClasses = '[]', activeProfiles = '{}', propertySourceLocations = '{}', propertySourceProperties = '{org.springframework.boot.test.autoconfigure.web.servlet.WebMvcTestContextBootstrapper=true}', contextCustomizers = set[org.springframework.boot.test.autoconfigure.OverrideAutoConfigurationContextCustomizerFactory$DisableAutoConfigurationContextCustomizer@3127ca5a, org.springframework.boot.test.autoconfigure.filter.TypeExcludeFiltersContextCustomizer@c3c58c53, org.springframework.boot.test.autoconfigure.properties.PropertyMappingContextCustomizer@f7af3637, org.springframework.boot.test.autoconfigure.web.servlet.WebDriverContextCustomizerFactory$Customizer@66ef951d, [ImportsContextCustomizer@2d84b2c3 key = [org.springframework.boot.autoconfigure.cache.CacheAutoConfiguration, org.springframework.boot.autoconfigure.context.MessageSourceAutoConfiguration, org.springframework.boot.autoconfigure.data.web.SpringDataWebAutoConfiguration, org.springframework.boot.autoconfigure.freemarker.FreeMarkerAutoConfiguration, org.springframework.boot.autoconfigure.groovy.template.GroovyTemplateAutoConfiguration, org.springframework.boot.autoconfigure.gson.GsonAutoConfiguration, org.springframework.boot.autoconfigure.hateoas.HypermediaAutoConfiguration, org.springframework.boot.autoconfigure.http.HttpMessageConvertersAutoConfiguration, org.springframework.boot.autoconfigure.jackson.JacksonAutoConfiguration, org.springframework.boot.autoconfigure.jsonb.JsonbAutoConfiguration, org.springframework.boot.autoconfigure.mustache.MustacheAutoConfiguration, org.springframework.boot.autoconfigure.task.TaskExecutionAutoConfiguration, org.springframework.boot.autoconfigure.thymeleaf.ThymeleafAutoConfiguration, org.springframework.boot.autoconfigure.validation.ValidationAutoConfiguration, org.springframework.boot.autoconfigure.web.servlet.error.ErrorMvcAutoConfiguration, org.springframework.boot.autoconfigure.web.servlet.WebMvcAutoConfiguration, org.springframework.boot.test.autoconfigure.web.servlet.MockMvcAutoConfiguration, org.springframework.boot.test.autoconfigure.web.servlet.MockMvcSecurityAutoConfiguration, org.springframework.boot.test.autoconfigure.web.servlet.MockMvcWebClientAutoConfiguration, org.springframework.boot.test.autoconfigure.web.servlet.MockMvcWebDriverAutoConfiguration]], org.springframework.boot.test.context.filter.ExcludeFilterContextCustomizer@65682987, org.springframework.boot.test.json.DuplicateJsonObjectContextCustomizerFactory$DuplicateJsonObjectContextCustomizer@ab3b1d2, org.springframework.boot.test.mock.mockito.MockitoContextCustomizer@0], resourceBasePath = 'src/main/webapp', contextLoader = 'org.springframework.boot.test.context.SpringBootContextLoader', parent = [null]], attributes = map[[empty]]]].
23:56:16.114 [Test worker] DEBUG org.springframework.test.context.support.TestPropertySourceUtils - Adding inlined properties to environment: {spring.jmx.enabled=false, org.springframework.boot.test.autoconfigure.web.servlet.WebMvcTestContextBootstrapper=true, server.port=-1}

  .   ____          _            __ _ _
 /\\ / ___'_ __ _ _(_)_ __  __ _ \ \ \ \
( ( )\___ | '_ | '_| | '_ \/ _` | \ \ \ \
 \\/  ___)| |_)| | | | | || (_| |  ) ) ) )
  '  |____| .__|_| |_|_| |_\__, | / / / /
 =========|_|==============|___/=/_/_/_/
 :: Spring Boot ::        (v2.1.7.RELEASE)

2020-01-06 23:56:16.676  INFO 8878 --- [    Test worker] c.e.b.springboot.HelloResponseDtoTest    : Starting HelloResponseDtoTest on Easywaldo-Mac.local with PID 8878 (started by leejinam in /Users/leejinam/Study/Spring/springboot-study)
2020-01-06 23:56:16.680  INFO 8878 --- [    Test worker] c.e.b.springboot.HelloResponseDtoTest    : No active profile set, falling back to default profiles: default
2020-01-06 23:56:18.187  INFO 8878 --- [    Test worker] o.s.s.concurrent.ThreadPoolTaskExecutor  : Initializing ExecutorService 'applicationTaskExecutor'
2020-01-06 23:56:18.484  INFO 8878 --- [    Test worker] o.s.b.t.m.w.SpringBootMockServletContext : Initializing Spring TestDispatcherServlet ''
2020-01-06 23:56:18.484  INFO 8878 --- [    Test worker] o.s.t.web.servlet.TestDispatcherServlet  : Initializing Servlet ''
2020-01-06 23:56:18.502  INFO 8878 --- [    Test worker] o.s.t.web.servlet.TestDispatcherServlet  : Completed initialization in 18 ms
2020-01-06 23:56:18.546  INFO 8878 --- [    Test worker] c.e.b.springboot.HelloResponseDtoTest    : Started HelloResponseDtoTest in 2.423 seconds (JVM running for 3.556)
]]></system-out>
  <system-err><![CDATA[]]></system-err>
</testsuite>
