<?xml version="1.0" encoding="UTF-8"?>
<testsuite name="com.easywaldo.book.springboot.HelloControllerTest" tests="1" skipped="0" failures="0" errors="0" timestamp="2020-05-21T02:48:00" hostname="Easywaldo-Mac.local" time="0.189">
  <properties/>
  <testcase name="sut_should_returns_hello" classname="com.easywaldo.book.springboot.HelloControllerTest" time="0.189"/>
  <system-out><![CDATA[2020-05-21 11:47:59.231  INFO 64148 --- [    Test worker] .b.t.a.w.s.WebMvcTestContextBootstrapper : Neither @ContextConfiguration nor @ContextHierarchy found for test class [com.easywaldo.book.springboot.HelloControllerTest], using SpringBootContextLoader
2020-05-21 11:47:59.233  INFO 64148 --- [    Test worker] o.s.t.c.support.AbstractContextLoader    : Could not detect default resource locations for test class [com.easywaldo.book.springboot.HelloControllerTest]: no resource found for suffixes {-context.xml, Context.groovy}.
2020-05-21 11:47:59.234  INFO 64148 --- [    Test worker] t.c.s.AnnotationConfigContextLoaderUtils : Could not detect default configuration classes for test class [com.easywaldo.book.springboot.HelloControllerTest]: HelloControllerTest does not declare any static, non-private, non-final, nested classes annotated with @Configuration.
2020-05-21 11:47:59.263  INFO 64148 --- [    Test worker] .b.t.c.SpringBootTestContextBootstrapper : Found @SpringBootConfiguration com.easywaldo.book.springboot.Application for test class com.easywaldo.book.springboot.HelloControllerTest
2020-05-21 11:47:59.265  INFO 64148 --- [    Test worker] .b.t.a.w.s.WebMvcTestContextBootstrapper : Loaded default TestExecutionListener class names from location [META-INF/spring.factories]: [org.springframework.boot.test.autoconfigure.restdocs.RestDocsTestExecutionListener, org.springframework.boot.test.autoconfigure.web.client.MockRestServiceServerResetTestExecutionListener, org.springframework.boot.test.autoconfigure.web.servlet.MockMvcPrintOnlyOnFailureTestExecutionListener, org.springframework.boot.test.autoconfigure.web.servlet.WebDriverTestExecutionListener, org.springframework.boot.test.mock.mockito.MockitoTestExecutionListener, org.springframework.boot.test.mock.mockito.ResetMocksTestExecutionListener, org.springframework.test.context.web.ServletTestExecutionListener, org.springframework.test.context.support.DirtiesContextBeforeModesTestExecutionListener, org.springframework.test.context.support.DependencyInjectionTestExecutionListener, org.springframework.test.context.support.DirtiesContextTestExecutionListener, org.springframework.test.context.transaction.TransactionalTestExecutionListener, org.springframework.test.context.jdbc.SqlScriptsTestExecutionListener]
2020-05-21 11:47:59.265  INFO 64148 --- [    Test worker] .b.t.a.w.s.WebMvcTestContextBootstrapper : Using TestExecutionListeners: [org.springframework.test.context.web.ServletTestExecutionListener@40459b6e, org.springframework.test.context.support.DirtiesContextBeforeModesTestExecutionListener@45432145, org.springframework.boot.test.mock.mockito.MockitoTestExecutionListener@1bedd5b3, org.springframework.boot.test.autoconfigure.SpringBootDependencyInjectionTestExecutionListener@77771698, org.springframework.test.context.support.DirtiesContextTestExecutionListener@1b856df3, org.springframework.test.context.transaction.TransactionalTestExecutionListener@47902ecf, org.springframework.test.context.jdbc.SqlScriptsTestExecutionListener@32252bc3, org.springframework.boot.test.autoconfigure.restdocs.RestDocsTestExecutionListener@7d2928c9, org.springframework.boot.test.autoconfigure.web.client.MockRestServiceServerResetTestExecutionListener@4df3386a, org.springframework.boot.test.autoconfigure.web.servlet.MockMvcPrintOnlyOnFailureTestExecutionListener@bd3814d, org.springframework.boot.test.autoconfigure.web.servlet.WebDriverTestExecutionListener@1033d8c7, org.springframework.boot.test.mock.mockito.ResetMocksTestExecutionListener@2468d568]

  .   ____          _            __ _ _
 /\\ / ___'_ __ _ _(_)_ __  __ _ \ \ \ \
( ( )\___ | '_ | '_| | '_ \/ _` | \ \ \ \
 \\/  ___)| |_)| | | | | || (_| |  ) ) ) )
  '  |____| .__|_| |_|_| |_\__, | / / / /
 =========|_|==============|___/=/_/_/_/
 :: Spring Boot ::        (v2.1.7.RELEASE)

2020-05-21 11:47:59.315  INFO 64148 --- [    Test worker] c.e.book.springboot.HelloControllerTest  : Starting HelloControllerTest on Easywaldo-Mac.local with PID 64148 (started by leejinam in /Users/leejinam/Study/Spring/springboot-study)
2020-05-21 11:47:59.316  INFO 64148 --- [    Test worker] c.e.book.springboot.HelloControllerTest  : No active profile set, falling back to default profiles: default
2020-05-21 11:48:00.252  INFO 64148 --- [    Test worker] o.s.s.concurrent.ThreadPoolTaskExecutor  : Initializing ExecutorService 'applicationTaskExecutor'
2020-05-21 11:48:00.798  INFO 64148 --- [    Test worker] o.s.b.t.m.w.SpringBootMockServletContext : Initializing Spring TestDispatcherServlet ''
2020-05-21 11:48:00.798  INFO 64148 --- [    Test worker] o.s.t.web.servlet.TestDispatcherServlet  : Initializing Servlet ''
2020-05-21 11:48:00.828  INFO 64148 --- [    Test worker] o.s.t.web.servlet.TestDispatcherServlet  : Completed initialization in 29 ms
2020-05-21 11:48:00.878  INFO 64148 --- [    Test worker] c.e.book.springboot.HelloControllerTest  : Started HelloControllerTest in 1.61 seconds (JVM running for 12.634)
]]></system-out>
  <system-err><![CDATA[]]></system-err>
</testsuite>
