<?xml version="1.0" encoding="UTF-8"?>
<testsuite name="com.easywaldo.book.springboot.HelloControllerTest" tests="1" skipped="0" failures="0" errors="0" timestamp="2020-04-13T15:09:35" hostname="Easywaldo-Mac.local" time="0.093">
  <properties/>
  <testcase name="sut_should_returns_hello" classname="com.easywaldo.book.springboot.HelloControllerTest" time="0.093"/>
  <system-out><![CDATA[2020-04-14 00:09:35.114  INFO 4364 --- [    Test worker] .b.t.a.w.s.WebMvcTestContextBootstrapper : Neither @ContextConfiguration nor @ContextHierarchy found for test class [com.easywaldo.book.springboot.HelloControllerTest], using SpringBootContextLoader
2020-04-14 00:09:35.115  INFO 4364 --- [    Test worker] o.s.t.c.support.AbstractContextLoader    : Could not detect default resource locations for test class [com.easywaldo.book.springboot.HelloControllerTest]: no resource found for suffixes {-context.xml, Context.groovy}.
2020-04-14 00:09:35.115  INFO 4364 --- [    Test worker] t.c.s.AnnotationConfigContextLoaderUtils : Could not detect default configuration classes for test class [com.easywaldo.book.springboot.HelloControllerTest]: HelloControllerTest does not declare any static, non-private, non-final, nested classes annotated with @Configuration.
2020-04-14 00:09:35.142  INFO 4364 --- [    Test worker] .b.t.c.SpringBootTestContextBootstrapper : Found @SpringBootConfiguration com.easywaldo.book.springboot.Application for test class com.easywaldo.book.springboot.HelloControllerTest
2020-04-14 00:09:35.143  INFO 4364 --- [    Test worker] .b.t.a.w.s.WebMvcTestContextBootstrapper : Loaded default TestExecutionListener class names from location [META-INF/spring.factories]: [org.springframework.boot.test.autoconfigure.restdocs.RestDocsTestExecutionListener, org.springframework.boot.test.autoconfigure.web.client.MockRestServiceServerResetTestExecutionListener, org.springframework.boot.test.autoconfigure.web.servlet.MockMvcPrintOnlyOnFailureTestExecutionListener, org.springframework.boot.test.autoconfigure.web.servlet.WebDriverTestExecutionListener, org.springframework.boot.test.mock.mockito.MockitoTestExecutionListener, org.springframework.boot.test.mock.mockito.ResetMocksTestExecutionListener, org.springframework.test.context.web.ServletTestExecutionListener, org.springframework.test.context.support.DirtiesContextBeforeModesTestExecutionListener, org.springframework.test.context.support.DependencyInjectionTestExecutionListener, org.springframework.test.context.support.DirtiesContextTestExecutionListener, org.springframework.test.context.transaction.TransactionalTestExecutionListener, org.springframework.test.context.jdbc.SqlScriptsTestExecutionListener]
2020-04-14 00:09:35.143  INFO 4364 --- [    Test worker] .b.t.a.w.s.WebMvcTestContextBootstrapper : Using TestExecutionListeners: [org.springframework.test.context.web.ServletTestExecutionListener@4f71f003, org.springframework.test.context.support.DirtiesContextBeforeModesTestExecutionListener@25b64ef6, org.springframework.boot.test.mock.mockito.MockitoTestExecutionListener@3f3da328, org.springframework.boot.test.autoconfigure.SpringBootDependencyInjectionTestExecutionListener@45428181, org.springframework.test.context.support.DirtiesContextTestExecutionListener@5f380c2, org.springframework.test.context.transaction.TransactionalTestExecutionListener@1225af74, org.springframework.test.context.jdbc.SqlScriptsTestExecutionListener@40537afb, org.springframework.boot.test.autoconfigure.restdocs.RestDocsTestExecutionListener@11cca5f9, org.springframework.boot.test.autoconfigure.web.client.MockRestServiceServerResetTestExecutionListener@820c292, org.springframework.boot.test.autoconfigure.web.servlet.MockMvcPrintOnlyOnFailureTestExecutionListener@37c192ed, org.springframework.boot.test.autoconfigure.web.servlet.WebDriverTestExecutionListener@6c1ea24c, org.springframework.boot.test.mock.mockito.ResetMocksTestExecutionListener@1889315b]

  .   ____          _            __ _ _
 /\\ / ___'_ __ _ _(_)_ __  __ _ \ \ \ \
( ( )\___ | '_ | '_| | '_ \/ _` | \ \ \ \
 \\/  ___)| |_)| | | | | || (_| |  ) ) ) )
  '  |____| .__|_| |_|_| |_\__, | / / / /
 =========|_|==============|___/=/_/_/_/
 :: Spring Boot ::        (v2.1.7.RELEASE)

2020-04-14 00:09:35.175  INFO 4364 --- [    Test worker] c.e.book.springboot.HelloControllerTest  : Starting HelloControllerTest on Easywaldo-Mac.local with PID 4364 (started by leejinam in /Users/leejinam/Study/Spring/springboot-study)
2020-04-14 00:09:35.177  INFO 4364 --- [    Test worker] c.e.book.springboot.HelloControllerTest  : No active profile set, falling back to default profiles: default
2020-04-14 00:09:35.625  INFO 4364 --- [    Test worker] o.s.s.concurrent.ThreadPoolTaskExecutor  : Initializing ExecutorService 'applicationTaskExecutor'
2020-04-14 00:09:35.806  INFO 4364 --- [    Test worker] o.s.b.t.m.w.SpringBootMockServletContext : Initializing Spring TestDispatcherServlet ''
2020-04-14 00:09:35.806  INFO 4364 --- [    Test worker] o.s.t.web.servlet.TestDispatcherServlet  : Initializing Servlet ''
2020-04-14 00:09:35.826  INFO 4364 --- [    Test worker] o.s.t.web.servlet.TestDispatcherServlet  : Completed initialization in 20 ms
2020-04-14 00:09:35.854  INFO 4364 --- [    Test worker] c.e.book.springboot.HelloControllerTest  : Started HelloControllerTest in 0.708 seconds (JVM running for 8.123)
]]></system-out>
  <system-err><![CDATA[]]></system-err>
</testsuite>
