<?xml version="1.0" encoding="UTF-8"?>
<testsuite name="com.easywaldo.book.springboot.HelloControllerTest" tests="1" skipped="0" failures="0" errors="0" timestamp="2020-04-13T16:37:41" hostname="Easywaldo-Mac.local" time="0.076">
  <properties/>
  <testcase name="sut_should_returns_hello" classname="com.easywaldo.book.springboot.HelloControllerTest" time="0.076"/>
  <system-out><![CDATA[2020-04-14 01:37:40.505  INFO 6520 --- [    Test worker] .b.t.a.w.s.WebMvcTestContextBootstrapper : Neither @ContextConfiguration nor @ContextHierarchy found for test class [com.easywaldo.book.springboot.HelloControllerTest], using SpringBootContextLoader
2020-04-14 01:37:40.506  INFO 6520 --- [    Test worker] o.s.t.c.support.AbstractContextLoader    : Could not detect default resource locations for test class [com.easywaldo.book.springboot.HelloControllerTest]: no resource found for suffixes {-context.xml, Context.groovy}.
2020-04-14 01:37:40.507  INFO 6520 --- [    Test worker] t.c.s.AnnotationConfigContextLoaderUtils : Could not detect default configuration classes for test class [com.easywaldo.book.springboot.HelloControllerTest]: HelloControllerTest does not declare any static, non-private, non-final, nested classes annotated with @Configuration.
2020-04-14 01:37:40.545  INFO 6520 --- [    Test worker] .b.t.c.SpringBootTestContextBootstrapper : Found @SpringBootConfiguration com.easywaldo.book.springboot.Application for test class com.easywaldo.book.springboot.HelloControllerTest
2020-04-14 01:37:40.548  INFO 6520 --- [    Test worker] .b.t.a.w.s.WebMvcTestContextBootstrapper : Loaded default TestExecutionListener class names from location [META-INF/spring.factories]: [org.springframework.boot.test.autoconfigure.restdocs.RestDocsTestExecutionListener, org.springframework.boot.test.autoconfigure.web.client.MockRestServiceServerResetTestExecutionListener, org.springframework.boot.test.autoconfigure.web.servlet.MockMvcPrintOnlyOnFailureTestExecutionListener, org.springframework.boot.test.autoconfigure.web.servlet.WebDriverTestExecutionListener, org.springframework.boot.test.mock.mockito.MockitoTestExecutionListener, org.springframework.boot.test.mock.mockito.ResetMocksTestExecutionListener, org.springframework.test.context.web.ServletTestExecutionListener, org.springframework.test.context.support.DirtiesContextBeforeModesTestExecutionListener, org.springframework.test.context.support.DependencyInjectionTestExecutionListener, org.springframework.test.context.support.DirtiesContextTestExecutionListener, org.springframework.test.context.transaction.TransactionalTestExecutionListener, org.springframework.test.context.jdbc.SqlScriptsTestExecutionListener]
2020-04-14 01:37:40.549  INFO 6520 --- [    Test worker] .b.t.a.w.s.WebMvcTestContextBootstrapper : Using TestExecutionListeners: [org.springframework.test.context.web.ServletTestExecutionListener@7f309c9c, org.springframework.test.context.support.DirtiesContextBeforeModesTestExecutionListener@3303d6eb, org.springframework.boot.test.mock.mockito.MockitoTestExecutionListener@7a66e45f, org.springframework.boot.test.autoconfigure.SpringBootDependencyInjectionTestExecutionListener@488fb65a, org.springframework.test.context.support.DirtiesContextTestExecutionListener@332007ab, org.springframework.test.context.transaction.TransactionalTestExecutionListener@1eb92baa, org.springframework.test.context.jdbc.SqlScriptsTestExecutionListener@5330603e, org.springframework.boot.test.autoconfigure.restdocs.RestDocsTestExecutionListener@66b83164, org.springframework.boot.test.autoconfigure.web.client.MockRestServiceServerResetTestExecutionListener@55166f47, org.springframework.boot.test.autoconfigure.web.servlet.MockMvcPrintOnlyOnFailureTestExecutionListener@2a5fa34, org.springframework.boot.test.autoconfigure.web.servlet.WebDriverTestExecutionListener@52445bce, org.springframework.boot.test.mock.mockito.ResetMocksTestExecutionListener@755063f3]

  .   ____          _            __ _ _
 /\\ / ___'_ __ _ _(_)_ __  __ _ \ \ \ \
( ( )\___ | '_ | '_| | '_ \/ _` | \ \ \ \
 \\/  ___)| |_)| | | | | || (_| |  ) ) ) )
  '  |____| .__|_| |_|_| |_\__, | / / / /
 =========|_|==============|___/=/_/_/_/
 :: Spring Boot ::        (v2.1.7.RELEASE)

2020-04-14 01:37:40.601  INFO 6520 --- [    Test worker] c.e.book.springboot.HelloControllerTest  : Starting HelloControllerTest on Easywaldo-Mac.local with PID 6520 (started by leejinam in /Users/leejinam/Study/Spring/springboot-study)
2020-04-14 01:37:40.604  INFO 6520 --- [    Test worker] c.e.book.springboot.HelloControllerTest  : No active profile set, falling back to default profiles: default
2020-04-14 01:37:40.965  INFO 6520 --- [    Test worker] o.s.s.concurrent.ThreadPoolTaskExecutor  : Initializing ExecutorService 'applicationTaskExecutor'
2020-04-14 01:37:41.106  INFO 6520 --- [    Test worker] o.s.b.t.m.w.SpringBootMockServletContext : Initializing Spring TestDispatcherServlet ''
2020-04-14 01:37:41.107  INFO 6520 --- [    Test worker] o.s.t.web.servlet.TestDispatcherServlet  : Initializing Servlet ''
2020-04-14 01:37:41.125  INFO 6520 --- [    Test worker] o.s.t.web.servlet.TestDispatcherServlet  : Completed initialization in 18 ms
2020-04-14 01:37:41.147  INFO 6520 --- [    Test worker] c.e.book.springboot.HelloControllerTest  : Started HelloControllerTest in 0.592 seconds (JVM running for 7.109)
]]></system-out>
  <system-err><![CDATA[]]></system-err>
</testsuite>
