<?xml version="1.0" encoding="UTF-8"?>
<testsuite name="com.easywaldo.book.springboot.HelloControllerTest" tests="1" skipped="0" failures="0" errors="0" timestamp="2020-01-06T14:56:19" hostname="Easywaldo-Mac.local" time="0.009">
  <properties/>
  <testcase name="sut_should_returns_hello" classname="com.easywaldo.book.springboot.HelloControllerTest" time="0.009"/>
  <system-out><![CDATA[2020-01-06 23:56:19.080  INFO 8878 --- [    Test worker] .b.t.a.w.s.WebMvcTestContextBootstrapper : Neither @ContextConfiguration nor @ContextHierarchy found for test class [com.easywaldo.book.springboot.HelloControllerTest], using SpringBootContextLoader
2020-01-06 23:56:19.081  INFO 8878 --- [    Test worker] o.s.t.c.support.AbstractContextLoader    : Could not detect default resource locations for test class [com.easywaldo.book.springboot.HelloControllerTest]: no resource found for suffixes {-context.xml, Context.groovy}.
2020-01-06 23:56:19.081  INFO 8878 --- [    Test worker] t.c.s.AnnotationConfigContextLoaderUtils : Could not detect default configuration classes for test class [com.easywaldo.book.springboot.HelloControllerTest]: HelloControllerTest does not declare any static, non-private, non-final, nested classes annotated with @Configuration.
2020-01-06 23:56:19.090  INFO 8878 --- [    Test worker] .b.t.c.SpringBootTestContextBootstrapper : Found @SpringBootConfiguration com.easywaldo.book.springboot.Application for test class com.easywaldo.book.springboot.HelloControllerTest
2020-01-06 23:56:19.091  INFO 8878 --- [    Test worker] .b.t.a.w.s.WebMvcTestContextBootstrapper : Loaded default TestExecutionListener class names from location [META-INF/spring.factories]: [org.springframework.boot.test.autoconfigure.restdocs.RestDocsTestExecutionListener, org.springframework.boot.test.autoconfigure.web.client.MockRestServiceServerResetTestExecutionListener, org.springframework.boot.test.autoconfigure.web.servlet.MockMvcPrintOnlyOnFailureTestExecutionListener, org.springframework.boot.test.autoconfigure.web.servlet.WebDriverTestExecutionListener, org.springframework.boot.test.mock.mockito.MockitoTestExecutionListener, org.springframework.boot.test.mock.mockito.ResetMocksTestExecutionListener, org.springframework.test.context.web.ServletTestExecutionListener, org.springframework.test.context.support.DirtiesContextBeforeModesTestExecutionListener, org.springframework.test.context.support.DependencyInjectionTestExecutionListener, org.springframework.test.context.support.DirtiesContextTestExecutionListener, org.springframework.test.context.transaction.TransactionalTestExecutionListener, org.springframework.test.context.jdbc.SqlScriptsTestExecutionListener]
2020-01-06 23:56:19.092  INFO 8878 --- [    Test worker] .b.t.a.w.s.WebMvcTestContextBootstrapper : Using TestExecutionListeners: [org.springframework.test.context.web.ServletTestExecutionListener@1bf214cf, org.springframework.test.context.support.DirtiesContextBeforeModesTestExecutionListener@4c046ee6, org.springframework.boot.test.mock.mockito.MockitoTestExecutionListener@de957e6, org.springframework.boot.test.autoconfigure.SpringBootDependencyInjectionTestExecutionListener@1af3826f, org.springframework.test.context.support.DirtiesContextTestExecutionListener@112cb992, org.springframework.test.context.transaction.TransactionalTestExecutionListener@7e30860f, org.springframework.test.context.jdbc.SqlScriptsTestExecutionListener@3921a848, org.springframework.boot.test.autoconfigure.restdocs.RestDocsTestExecutionListener@3f47a5f9, org.springframework.boot.test.autoconfigure.web.client.MockRestServiceServerResetTestExecutionListener@4b536baa, org.springframework.boot.test.autoconfigure.web.servlet.MockMvcPrintOnlyOnFailureTestExecutionListener@31298c31, org.springframework.boot.test.autoconfigure.web.servlet.WebDriverTestExecutionListener@5fe11b4, org.springframework.boot.test.mock.mockito.ResetMocksTestExecutionListener@794149f]
]]></system-out>
  <system-err><![CDATA[]]></system-err>
</testsuite>
