<?xml version="1.0" encoding="UTF-8"?>
<testsuite name="com.easywaldo.book.springboot.HelloControllerTest" tests="1" skipped="0" failures="0" errors="0" timestamp="2020-04-05T14:59:21" hostname="Easywaldo-Mac.local" time="0.073">
  <properties/>
  <testcase name="sut_should_returns_hello" classname="com.easywaldo.book.springboot.HelloControllerTest" time="0.073"/>
  <system-out><![CDATA[2020-04-05 23:59:21.319  INFO 22901 --- [    Test worker] .b.t.a.w.s.WebMvcTestContextBootstrapper : Neither @ContextConfiguration nor @ContextHierarchy found for test class [com.easywaldo.book.springboot.HelloControllerTest], using SpringBootContextLoader
2020-04-05 23:59:21.320  INFO 22901 --- [    Test worker] o.s.t.c.support.AbstractContextLoader    : Could not detect default resource locations for test class [com.easywaldo.book.springboot.HelloControllerTest]: no resource found for suffixes {-context.xml, Context.groovy}.
2020-04-05 23:59:21.320  INFO 22901 --- [    Test worker] t.c.s.AnnotationConfigContextLoaderUtils : Could not detect default configuration classes for test class [com.easywaldo.book.springboot.HelloControllerTest]: HelloControllerTest does not declare any static, non-private, non-final, nested classes annotated with @Configuration.
2020-04-05 23:59:21.341  INFO 22901 --- [    Test worker] .b.t.c.SpringBootTestContextBootstrapper : Found @SpringBootConfiguration com.easywaldo.book.springboot.Application for test class com.easywaldo.book.springboot.HelloControllerTest
2020-04-05 23:59:21.342  INFO 22901 --- [    Test worker] .b.t.a.w.s.WebMvcTestContextBootstrapper : Loaded default TestExecutionListener class names from location [META-INF/spring.factories]: [org.springframework.boot.test.autoconfigure.restdocs.RestDocsTestExecutionListener, org.springframework.boot.test.autoconfigure.web.client.MockRestServiceServerResetTestExecutionListener, org.springframework.boot.test.autoconfigure.web.servlet.MockMvcPrintOnlyOnFailureTestExecutionListener, org.springframework.boot.test.autoconfigure.web.servlet.WebDriverTestExecutionListener, org.springframework.boot.test.mock.mockito.MockitoTestExecutionListener, org.springframework.boot.test.mock.mockito.ResetMocksTestExecutionListener, org.springframework.test.context.web.ServletTestExecutionListener, org.springframework.test.context.support.DirtiesContextBeforeModesTestExecutionListener, org.springframework.test.context.support.DependencyInjectionTestExecutionListener, org.springframework.test.context.support.DirtiesContextTestExecutionListener, org.springframework.test.context.transaction.TransactionalTestExecutionListener, org.springframework.test.context.jdbc.SqlScriptsTestExecutionListener]
2020-04-05 23:59:21.343  INFO 22901 --- [    Test worker] .b.t.a.w.s.WebMvcTestContextBootstrapper : Using TestExecutionListeners: [org.springframework.test.context.web.ServletTestExecutionListener@551c695b, org.springframework.test.context.support.DirtiesContextBeforeModesTestExecutionListener@25871814, org.springframework.boot.test.mock.mockito.MockitoTestExecutionListener@6d6491e0, org.springframework.boot.test.autoconfigure.SpringBootDependencyInjectionTestExecutionListener@38daf55a, org.springframework.test.context.support.DirtiesContextTestExecutionListener@e3a15ab, org.springframework.test.context.transaction.TransactionalTestExecutionListener@1360fbc0, org.springframework.test.context.jdbc.SqlScriptsTestExecutionListener@5ac293dd, org.springframework.boot.test.autoconfigure.restdocs.RestDocsTestExecutionListener@355dddfa, org.springframework.boot.test.autoconfigure.web.client.MockRestServiceServerResetTestExecutionListener@6b9401b7, org.springframework.boot.test.autoconfigure.web.servlet.MockMvcPrintOnlyOnFailureTestExecutionListener@7fbe49fe, org.springframework.boot.test.autoconfigure.web.servlet.WebDriverTestExecutionListener@312c71af, org.springframework.boot.test.mock.mockito.ResetMocksTestExecutionListener@6a45c87d]

  .   ____          _            __ _ _
 /\\ / ___'_ __ _ _(_)_ __  __ _ \ \ \ \
( ( )\___ | '_ | '_| | '_ \/ _` | \ \ \ \
 \\/  ___)| |_)| | | | | || (_| |  ) ) ) )
  '  |____| .__|_| |_|_| |_\__, | / / / /
 =========|_|==============|___/=/_/_/_/
 :: Spring Boot ::        (v2.1.7.RELEASE)

2020-04-05 23:59:21.371  INFO 22901 --- [    Test worker] c.e.book.springboot.HelloControllerTest  : Starting HelloControllerTest on Easywaldo-Mac.local with PID 22901 (started by leejinam in /Users/leejinam/Study/Spring/springboot-study)
2020-04-05 23:59:21.373  INFO 22901 --- [    Test worker] c.e.book.springboot.HelloControllerTest  : No active profile set, falling back to default profiles: default
2020-04-05 23:59:21.722  INFO 22901 --- [    Test worker] o.s.s.concurrent.ThreadPoolTaskExecutor  : Initializing ExecutorService 'applicationTaskExecutor'
2020-04-05 23:59:21.836  INFO 22901 --- [    Test worker] o.s.b.t.m.w.SpringBootMockServletContext : Initializing Spring TestDispatcherServlet ''
2020-04-05 23:59:21.836  INFO 22901 --- [    Test worker] o.s.t.web.servlet.TestDispatcherServlet  : Initializing Servlet ''
2020-04-05 23:59:21.849  INFO 22901 --- [    Test worker] o.s.t.web.servlet.TestDispatcherServlet  : Completed initialization in 13 ms
2020-04-05 23:59:21.865  INFO 22901 --- [    Test worker] c.e.book.springboot.HelloControllerTest  : Started HelloControllerTest in 0.519 seconds (JVM running for 6.101)
]]></system-out>
  <system-err><![CDATA[]]></system-err>
</testsuite>
