<?xml version="1.0" encoding="UTF-8"?>
<testsuite name="com.easywaldo.book.springboot.HelloControllerTest" tests="1" skipped="0" failures="0" errors="0" timestamp="2020-04-13T13:36:58" hostname="Easywaldo-Mac.local" time="0.222">
  <properties/>
  <testcase name="sut_should_returns_hello" classname="com.easywaldo.book.springboot.HelloControllerTest" time="0.222"/>
  <system-out><![CDATA[2020-04-13 22:36:56.922  INFO 77040 --- [    Test worker] .b.t.a.w.s.WebMvcTestContextBootstrapper : Neither @ContextConfiguration nor @ContextHierarchy found for test class [com.easywaldo.book.springboot.HelloControllerTest], using SpringBootContextLoader
2020-04-13 22:36:56.923  INFO 77040 --- [    Test worker] o.s.t.c.support.AbstractContextLoader    : Could not detect default resource locations for test class [com.easywaldo.book.springboot.HelloControllerTest]: no resource found for suffixes {-context.xml, Context.groovy}.
2020-04-13 22:36:56.924  INFO 77040 --- [    Test worker] t.c.s.AnnotationConfigContextLoaderUtils : Could not detect default configuration classes for test class [com.easywaldo.book.springboot.HelloControllerTest]: HelloControllerTest does not declare any static, non-private, non-final, nested classes annotated with @Configuration.
2020-04-13 22:36:56.949  INFO 77040 --- [    Test worker] .b.t.c.SpringBootTestContextBootstrapper : Found @SpringBootConfiguration com.easywaldo.book.springboot.Application for test class com.easywaldo.book.springboot.HelloControllerTest
2020-04-13 22:36:56.950  INFO 77040 --- [    Test worker] .b.t.a.w.s.WebMvcTestContextBootstrapper : Loaded default TestExecutionListener class names from location [META-INF/spring.factories]: [org.springframework.boot.test.autoconfigure.restdocs.RestDocsTestExecutionListener, org.springframework.boot.test.autoconfigure.web.client.MockRestServiceServerResetTestExecutionListener, org.springframework.boot.test.autoconfigure.web.servlet.MockMvcPrintOnlyOnFailureTestExecutionListener, org.springframework.boot.test.autoconfigure.web.servlet.WebDriverTestExecutionListener, org.springframework.boot.test.mock.mockito.MockitoTestExecutionListener, org.springframework.boot.test.mock.mockito.ResetMocksTestExecutionListener, org.springframework.test.context.web.ServletTestExecutionListener, org.springframework.test.context.support.DirtiesContextBeforeModesTestExecutionListener, org.springframework.test.context.support.DependencyInjectionTestExecutionListener, org.springframework.test.context.support.DirtiesContextTestExecutionListener, org.springframework.test.context.transaction.TransactionalTestExecutionListener, org.springframework.test.context.jdbc.SqlScriptsTestExecutionListener]
2020-04-13 22:36:56.951  INFO 77040 --- [    Test worker] .b.t.a.w.s.WebMvcTestContextBootstrapper : Using TestExecutionListeners: [org.springframework.test.context.web.ServletTestExecutionListener@761d6bcb, org.springframework.test.context.support.DirtiesContextBeforeModesTestExecutionListener@1d2ed261, org.springframework.boot.test.mock.mockito.MockitoTestExecutionListener@71e969dc, org.springframework.boot.test.autoconfigure.SpringBootDependencyInjectionTestExecutionListener@5df6b669, org.springframework.test.context.support.DirtiesContextTestExecutionListener@4028cd2f, org.springframework.test.context.transaction.TransactionalTestExecutionListener@2bfeb291, org.springframework.test.context.jdbc.SqlScriptsTestExecutionListener@116389bb, org.springframework.boot.test.autoconfigure.restdocs.RestDocsTestExecutionListener@79ce2000, org.springframework.boot.test.autoconfigure.web.client.MockRestServiceServerResetTestExecutionListener@7f09dba3, org.springframework.boot.test.autoconfigure.web.servlet.MockMvcPrintOnlyOnFailureTestExecutionListener@213d94e9, org.springframework.boot.test.autoconfigure.web.servlet.WebDriverTestExecutionListener@2c9eff24, org.springframework.boot.test.mock.mockito.ResetMocksTestExecutionListener@24581497]

  .   ____          _            __ _ _
 /\\ / ___'_ __ _ _(_)_ __  __ _ \ \ \ \
( ( )\___ | '_ | '_| | '_ \/ _` | \ \ \ \
 \\/  ___)| |_)| | | | | || (_| |  ) ) ) )
  '  |____| .__|_| |_|_| |_\__, | / / / /
 =========|_|==============|___/=/_/_/_/
 :: Spring Boot ::        (v2.1.7.RELEASE)

2020-04-13 22:36:56.976  INFO 77040 --- [    Test worker] c.e.book.springboot.HelloControllerTest  : Starting HelloControllerTest on Easywaldo-Mac.local with PID 77040 (started by leejinam in /Users/leejinam/Study/Spring/springboot-study)
2020-04-13 22:36:56.977  INFO 77040 --- [    Test worker] c.e.book.springboot.HelloControllerTest  : No active profile set, falling back to default profiles: default
2020-04-13 22:36:57.746  INFO 77040 --- [    Test worker] o.s.s.concurrent.ThreadPoolTaskExecutor  : Initializing ExecutorService 'applicationTaskExecutor'
2020-04-13 22:36:58.009  INFO 77040 --- [    Test worker] o.s.b.t.m.w.SpringBootMockServletContext : Initializing Spring TestDispatcherServlet ''
2020-04-13 22:36:58.009  INFO 77040 --- [    Test worker] o.s.t.web.servlet.TestDispatcherServlet  : Initializing Servlet ''
2020-04-13 22:36:58.024  INFO 77040 --- [    Test worker] o.s.t.web.servlet.TestDispatcherServlet  : Completed initialization in 15 ms
2020-04-13 22:36:58.056  INFO 77040 --- [    Test worker] c.e.book.springboot.HelloControllerTest  : Started HelloControllerTest in 1.103 seconds (JVM running for 5.356)
]]></system-out>
  <system-err><![CDATA[]]></system-err>
</testsuite>
