<?xml version="1.0" encoding="UTF-8"?>
<testsuite name="com.easywaldo.book.springboot.PostsApiControllerTest" tests="2" skipped="0" failures="0" errors="0" timestamp="2020-04-15T08:40:08" hostname="Easywaldo-Mac.local" time="0.368">
  <properties/>
  <testcase name="post_save_should_correctly" classname="com.easywaldo.book.springboot.PostsApiControllerTest" time="0.315"/>
  <testcase name="post_delete_should_correclty" classname="com.easywaldo.book.springboot.PostsApiControllerTest" time="0.053"/>
  <system-out><![CDATA[2020-04-15 17:40:07.277  INFO 15859 --- [    Test worker] .b.t.c.SpringBootTestContextBootstrapper : Neither @ContextConfiguration nor @ContextHierarchy found for test class [com.easywaldo.book.springboot.PostsApiControllerTest], using SpringBootContextLoader
2020-04-15 17:40:07.278  INFO 15859 --- [    Test worker] o.s.t.c.support.AbstractContextLoader    : Could not detect default resource locations for test class [com.easywaldo.book.springboot.PostsApiControllerTest]: no resource found for suffixes {-context.xml, Context.groovy}.
2020-04-15 17:40:07.278  INFO 15859 --- [    Test worker] t.c.s.AnnotationConfigContextLoaderUtils : Could not detect default configuration classes for test class [com.easywaldo.book.springboot.PostsApiControllerTest]: PostsApiControllerTest does not declare any static, non-private, non-final, nested classes annotated with @Configuration.
2020-04-15 17:40:07.280  INFO 15859 --- [    Test worker] .b.t.c.SpringBootTestContextBootstrapper : Found @SpringBootConfiguration com.easywaldo.book.springboot.Application for test class com.easywaldo.book.springboot.PostsApiControllerTest
2020-04-15 17:40:07.282  INFO 15859 --- [    Test worker] .b.t.c.SpringBootTestContextBootstrapper : Loaded default TestExecutionListener class names from location [META-INF/spring.factories]: [org.springframework.boot.test.autoconfigure.restdocs.RestDocsTestExecutionListener, org.springframework.boot.test.autoconfigure.web.client.MockRestServiceServerResetTestExecutionListener, org.springframework.boot.test.autoconfigure.web.servlet.MockMvcPrintOnlyOnFailureTestExecutionListener, org.springframework.boot.test.autoconfigure.web.servlet.WebDriverTestExecutionListener, org.springframework.boot.test.mock.mockito.MockitoTestExecutionListener, org.springframework.boot.test.mock.mockito.ResetMocksTestExecutionListener, org.springframework.test.context.web.ServletTestExecutionListener, org.springframework.test.context.support.DirtiesContextBeforeModesTestExecutionListener, org.springframework.test.context.support.DependencyInjectionTestExecutionListener, org.springframework.test.context.support.DirtiesContextTestExecutionListener, org.springframework.test.context.transaction.TransactionalTestExecutionListener, org.springframework.test.context.jdbc.SqlScriptsTestExecutionListener]
2020-04-15 17:40:07.283  INFO 15859 --- [    Test worker] .b.t.c.SpringBootTestContextBootstrapper : Using TestExecutionListeners: [org.springframework.test.context.web.ServletTestExecutionListener@21ff07c0, org.springframework.test.context.support.DirtiesContextBeforeModesTestExecutionListener@4cef2279, org.springframework.boot.test.mock.mockito.MockitoTestExecutionListener@72654537, org.springframework.boot.test.autoconfigure.SpringBootDependencyInjectionTestExecutionListener@50ea0ba, org.springframework.test.context.support.DirtiesContextTestExecutionListener@5c9666dc, org.springframework.test.context.transaction.TransactionalTestExecutionListener@69df7bdd, org.springframework.test.context.jdbc.SqlScriptsTestExecutionListener@31cbd72c, org.springframework.boot.test.autoconfigure.restdocs.RestDocsTestExecutionListener@41b0badf, org.springframework.boot.test.autoconfigure.web.client.MockRestServiceServerResetTestExecutionListener@2eff84b3, org.springframework.boot.test.autoconfigure.web.servlet.MockMvcPrintOnlyOnFailureTestExecutionListener@3cec1322, org.springframework.boot.test.autoconfigure.web.servlet.WebDriverTestExecutionListener@5371d124, org.springframework.boot.test.mock.mockito.ResetMocksTestExecutionListener@1753efd7]

  .   ____          _            __ _ _
 /\\ / ___'_ __ _ _(_)_ __  __ _ \ \ \ \
( ( )\___ | '_ | '_| | '_ \/ _` | \ \ \ \
 \\/  ___)| |_)| | | | | || (_| |  ) ) ) )
  '  |____| .__|_| |_|_| |_\__, | / / / /
 =========|_|==============|___/=/_/_/_/
 :: Spring Boot ::        (v2.1.7.RELEASE)

2020-04-15 17:40:07.306  INFO 15859 --- [    Test worker] c.e.b.springboot.PostsApiControllerTest  : Starting PostsApiControllerTest on Easywaldo-Mac.local with PID 15859 (started by leejinam in /Users/leejinam/Study/Spring/springboot-study)
2020-04-15 17:40:07.307  INFO 15859 --- [    Test worker] c.e.b.springboot.PostsApiControllerTest  : No active profile set, falling back to default profiles: default
2020-04-15 17:40:07.475  INFO 15859 --- [    Test worker] .s.d.r.c.RepositoryConfigurationDelegate : Bootstrapping Spring Data repositories in DEFAULT mode.
2020-04-15 17:40:07.486  INFO 15859 --- [    Test worker] .s.d.r.c.RepositoryConfigurationDelegate : Finished Spring Data repository scanning in 11ms. Found 2 repository interfaces.
2020-04-15 17:40:07.594  INFO 15859 --- [    Test worker] trationDelegate$BeanPostProcessorChecker : Bean 'org.springframework.transaction.annotation.ProxyTransactionManagementConfiguration' of type [org.springframework.transaction.annotation.ProxyTransactionManagementConfiguration$$EnhancerBySpringCGLIB$$b7afb8df] is not eligible for getting processed by all BeanPostProcessors (for example: not eligible for auto-proxying)
2020-04-15 17:40:07.841  INFO 15859 --- [    Test worker] o.s.b.w.embedded.tomcat.TomcatWebServer  : Tomcat initialized with port(s): 0 (http)
2020-04-15 17:40:07.876  INFO 15859 --- [    Test worker] o.apache.catalina.core.StandardService   : Starting service [Tomcat]
2020-04-15 17:40:07.877  INFO 15859 --- [    Test worker] org.apache.catalina.core.StandardEngine  : Starting Servlet engine: [Apache Tomcat/9.0.22]
2020-04-15 17:40:08.008  INFO 15859 --- [    Test worker] o.a.c.c.C.[Tomcat].[localhost].[/]       : Initializing Spring embedded WebApplicationContext
2020-04-15 17:40:08.008  INFO 15859 --- [    Test worker] o.s.web.context.ContextLoader            : Root WebApplicationContext: initialization completed in 699 ms
2020-04-15 17:40:08.170  INFO 15859 --- [    Test worker] com.zaxxer.hikari.HikariDataSource       : HikariPool-2 - Starting...
2020-04-15 17:40:08.172  INFO 15859 --- [    Test worker] com.zaxxer.hikari.HikariDataSource       : HikariPool-2 - Start completed.
2020-04-15 17:40:08.299  INFO 15859 --- [    Test worker] o.hibernate.jpa.internal.util.LogHelper  : HHH000204: Processing PersistenceUnitInfo [
	name: default
	...]
2020-04-15 17:40:08.305  INFO 15859 --- [    Test worker] org.hibernate.dialect.Dialect            : HHH000400: Using dialect: org.hibernate.dialect.MySQL5Dialect
Hibernate: drop table if exists category
Hibernate: drop table if exists posts
Hibernate: create table category (category_no integer not null auto_increment, category_name varchar(255), primary key (category_no)) engine=MyISAM
Hibernate: create table posts (id bigint not null auto_increment, author varchar(100) not null, content text, title varchar(500) not null, primary key (id)) engine=MyISAM
2020-04-15 17:40:08.337  INFO 15859 --- [    Test worker] o.h.t.schema.internal.SchemaCreatorImpl  : HHH000476: Executing import script 'org.hibernate.tool.schema.internal.exec.ScriptSourceInputNonExistentImpl@67c5e30b'
2020-04-15 17:40:08.337  INFO 15859 --- [    Test worker] j.LocalContainerEntityManagerFactoryBean : Initialized JPA EntityManagerFactory for persistence unit 'default'
2020-04-15 17:40:08.597  INFO 15859 --- [    Test worker] o.s.s.concurrent.ThreadPoolTaskExecutor  : Initializing ExecutorService 'applicationTaskExecutor'
2020-04-15 17:40:08.608  WARN 15859 --- [    Test worker] aWebConfiguration$JpaWebMvcConfiguration : spring.jpa.open-in-view is enabled by default. Therefore, database queries may be performed during view rendering. Explicitly configure spring.jpa.open-in-view to disable this warning
2020-04-15 17:40:08.851  INFO 15859 --- [    Test worker] o.s.b.w.embedded.tomcat.TomcatWebServer  : Tomcat started on port(s): 54266 (http) with context path ''
2020-04-15 17:40:08.852  INFO 15859 --- [    Test worker] c.e.b.springboot.PostsApiControllerTest  : Started PostsApiControllerTest in 1.567 seconds (JVM running for 9.063)
2020-04-15 17:40:09.026  INFO 15859 --- [o-auto-1-exec-1] o.a.c.c.C.[Tomcat].[localhost].[/]       : Initializing Spring DispatcherServlet 'dispatcherServlet'
2020-04-15 17:40:09.027  INFO 15859 --- [o-auto-1-exec-1] o.s.web.servlet.DispatcherServlet        : Initializing Servlet 'dispatcherServlet'
2020-04-15 17:40:09.046  INFO 15859 --- [o-auto-1-exec-1] o.s.web.servlet.DispatcherServlet        : Completed initialization in 19 ms
Hibernate: insert into posts (author, content, title) values (?, ?, ?)
2020-04-15 17:40:09.170  INFO 15859 --- [    Test worker] o.h.h.i.QueryTranslatorFactoryInitiator  : HHH000397: Using ASTQueryTranslatorFactory
Hibernate: select posts0_.id as id1_1_, posts0_.author as author2_1_, posts0_.content as content3_1_, posts0_.title as title4_1_ from posts posts0_
Hibernate: insert into posts (author, content, title) values (?, ?, ?)
Hibernate: select posts0_.id as id1_1_0_, posts0_.author as author2_1_0_, posts0_.content as content3_1_0_, posts0_.title as title4_1_0_ from posts posts0_ where posts0_.id=?
Hibernate: delete from posts where id=?
Hibernate: select count(*) as col_0_0_ from posts posts0_ where posts0_.id=?
]]></system-out>
  <system-err><![CDATA[]]></system-err>
</testsuite>
